Sat 11 Oct 07:19:27 BST 2025: Set wallpaper to /home/solomon/.config/hypr/wallpapers/2008-Mazda-Furai-Concept-004-1440.jpg
Sat 11 Oct 07:24:27 BST 2025: Set wallpaper to /home/solomon/.config/hypr/wallpapers/w11_pfp.webp
Sat 11 Oct 07:29:28 BST 2025: Set wallpaper to /home/solomon/.config/hypr/wallpapers/2014-Mercedes-Benz-SLS-AMG-Black-Series-009-1440.jpg
Sat 11 Oct 07:34:28 BST 2025: Set wallpaper to /home/solomon/.config/hypr/wallpapers/SilverW11.jpg
Sat 11 Oct 07:39:28 BST 2025: Set wallpaper to /home/solomon/.config/hypr/wallpapers/2008-Mazda-Furai-Concept-004-1440.jpg
Sat 11 Oct 07:44:28 BST 2025: Set wallpaper to /home/solomon/.config/hypr/wallpapers/w11_pfp.webp
Sat 11 Oct 07:49:28 BST 2025: Set wallpaper to /home/solomon/.config/hypr/wallpapers/thumb-1920-1345403.jpeg
Sat 11 Oct 11:03:06 BST 2025: Set wallpaper to /home/solomon/.config/hypr/wallpapers/2014-Mercedes-Benz-SLS-AMG-Black-Series-009-1440.jpg
Sat 11 Oct 11:08:06 BST 2025: Set wallpaper to /home/solomon/.config/hypr/wallpapers/mazda-mx5-miata-mazda-3351.jpg
Sat 11 Oct 11:13:06 BST 2025: Set wallpaper to /home/solomon/.config/hypr/wallpapers/w11_wets.webp
Sat 11 Oct 11:18:07 BST 2025: Set wallpaper to /home/solomon/.config/hypr/wallpapers/2008-Mazda-Furai-Concept_grey.png
Sat 11 Oct 11:23:07 BST 2025: Set wallpaper to /home/solomon/.config/hypr/wallpapers/hyprland_wallpaper.png
Sat 11 Oct 11:28:07 BST 2025: Set wallpaper to /home/solomon/.config/hypr/wallpapers/mercedes_amg_f1_m11_eq_performance_4k-HD.jpg
Sat 11 Oct 11:33:07 BST 2025: Set wallpaper to /home/solomon/.config/hypr/wallpapers/2005-Ferrari-F430-007-1080.jpg
Sat 11 Oct 11:38:07 BST 2025: Set wallpaper to /home/solomon/.config/hypr/wallpapers/2011-Mercedes-Benz-C63-AMG-Coupe-Black-002-1080.jpg
Sat 11 Oct 11:43:07 BST 2025: Set wallpaper to /home/solomon/.config/hypr/wallpapers/w11_pfp.webp
Sat 11 Oct 11:48:07 BST 2025: Set wallpaper to /home/solomon/.config/hypr/wallpapers/2008-Mazda-Furai-Concept_grey.png
Sat 11 Oct 11:53:07 BST 2025: Set wallpaper to /home/solomon/.config/hypr/wallpapers/hamilton_3079629.jpg
Sat 11 Oct 12:16:20 BST 2025: Set wallpaper to /home/solomon/.config/hypr/wallpapers/SilverW11.jpg
Sat 11 Oct 12:19:42 BST 2025: Set wallpaper to /home/solomon/.config/hypr/wallpapers/SilverW11.jpg
Sat 11 Oct 12:20:45 BST 2025: Set wallpaper to /home/solomon/.config/hypr/wallpapers/mercedes-w11.webp
Sat 11 Oct 12:21:45 BST 2025: Set wallpaper to /home/solomon/.config/hypr/wallpapers/simple.png
Sat 11 Oct 12:22:45 BST 2025: Set wallpaper to /home/solomon/.config/hypr/wallpapers/hyprland_wallpaper.png
Sat 11 Oct 12:23:45 BST 2025: Set wallpaper to /home/solomon/.config/hypr/wallpapers/2015-Porsche-918-Spyder-012-1440.jpg
Sat 11 Oct 12:24:45 BST 2025: Set wallpaper to /home/solomon/.config/hypr/wallpapers/2011-Mercedes-Benz-C63-AMG-Coupe-Black-002-1080.jpg
Sat 11 Oct 12:25:45 BST 2025: Set wallpaper to /home/solomon/.config/hypr/wallpapers/W05.jpg
Sat 11 Oct 12:26:45 BST 2025: Set wallpaper to /home/solomon/.config/hypr/wallpapers/w11_pfp.webp
Sat 11 Oct 12:27:45 BST 2025: Set wallpaper to /home/solomon/.config/hypr/wallpapers/2011-Mercedes-Benz-C63-AMG-Coupe-Black-002-1080.jpg
Sat 11 Oct 12:28:45 BST 2025: Set wallpaper to /home/solomon/.config/hypr/wallpapers/2005-Ferrari-F430-007-1080.jpg
Sat 11 Oct 12:29:45 BST 2025: Set wallpaper to /home/solomon/.config/hypr/wallpapers/hyprland_wallpaper.png
Sat 11 Oct 12:30:45 BST 2025: Set wallpaper to /home/solomon/.config/hypr/wallpapers/mercedes-w11.webp
Sat 11 Oct 12:31:45 BST 2025: Set wallpaper to /home/solomon/.config/hypr/wallpapers/2011-Mercedes-Benz-C63-AMG-Coupe-Black-002-1080.jpg
Sat 11 Oct 12:32:45 BST 2025: Set wallpaper to /home/solomon/.config/hypr/wallpapers/w05.webp
Sat 11 Oct 12:33:45 BST 2025: Set wallpaper to /home/solomon/.config/hypr/wallpapers/2005-Ferrari-F430-007-1080.jpg
Sat 11 Oct 12:34:45 BST 2025: Set wallpaper to /home/solomon/.config/hypr/wallpapers/2015-Porsche-918-Spyder-012-1440.jpg
Sat 11 Oct 12:35:45 BST 2025: Set wallpaper to /home/solomon/.config/hypr/wallpapers/w11_pfp.webp
Sat 11 Oct 12:36:45 BST 2025: Set wallpaper to /home/solomon/.config/hypr/wallpapers/thumb-1920-1345403.jpeg
Sat 11 Oct 12:37:45 BST 2025: Set wallpaper to /home/solomon/.config/hypr/wallpapers/mercedes-w11.webp
Sat 11 Oct 12:38:45 BST 2025: Set wallpaper to /home/solomon/.config/hypr/wallpapers/mercedes_amg_f1_m11_eq_performance_4k-HD.jpg
Sat 11 Oct 12:39:46 BST 2025: Set wallpaper to /home/solomon/.config/hypr/wallpapers/linux-nitros-dark-ov.jpg
Sat 11 Oct 12:40:46 BST 2025: Set wallpaper to /home/solomon/.config/hypr/wallpapers/mercedes-w11.webp
Sat 11 Oct 12:41:46 BST 2025: Set wallpaper to /home/solomon/.config/hypr/wallpapers/W05.jpg
Sat 11 Oct 12:42:46 BST 2025: Set wallpaper to /home/solomon/.config/hypr/wallpapers/mazda-mx5-miata-mazda-3351.jpg
Sat 11 Oct 12:43:46 BST 2025: Set wallpaper to /home/solomon/.config/hypr/wallpapers/2015-Porsche-918-Spyder-012-1440.jpg
Sat 11 Oct 12:44:46 BST 2025: Set wallpaper to /home/solomon/.config/hypr/wallpapers/2008-Mazda-Furai-Concept-004-1440.jpg
Sat 11 Oct 12:45:46 BST 2025: Set wallpaper to /home/solomon/.config/hypr/wallpapers/W11_with_DRS.jpg
Sat 11 Oct 12:46:46 BST 2025: Set wallpaper to /home/solomon/.config/hypr/wallpapers/thumb-1920-1345403.jpeg
Sat 11 Oct 12:47:46 BST 2025: Set wallpaper to /home/solomon/.config/hypr/wallpapers/2008-Mazda-Furai-Concept_grey.png
Sat 11 Oct 12:48:46 BST 2025: Set wallpaper to /home/solomon/.config/hypr/wallpapers/2014-Mercedes-Benz-SLS-AMG-Black-Series-009-1440.jpg
Sat 11 Oct 12:49:46 BST 2025: Set wallpaper to /home/solomon/.config/hypr/wallpapers/2019-Bugatti-Divo.jpg
Sat 11 Oct 12:50:46 BST 2025: Set wallpaper to /home/solomon/.config/hypr/wallpapers/hyprland_wallpaper.png
Sat 11 Oct 12:51:46 BST 2025: Set wallpaper to /home/solomon/.config/hypr/wallpapers/2009-Mercedes-Benz-SL-65-AMG-Black-003-1080.jpg
Sat 11 Oct 12:52:46 BST 2025: Set wallpaper to /home/solomon/.config/hypr/wallpapers/w11_wets.webp
Sat 11 Oct 12:53:46 BST 2025: Set wallpaper to /home/solomon/.config/hypr/wallpapers/SilverW11.jpg
Sat 11 Oct 12:54:46 BST 2025: Set wallpaper to /home/solomon/.config/hypr/wallpapers/W11_with_DRS.jpg
Sat 11 Oct 12:55:46 BST 2025: Set wallpaper to /home/solomon/.config/hypr/wallpapers/w11_pfp.webp
Sat 11 Oct 12:56:46 BST 2025: Set wallpaper to /home/solomon/.config/hypr/wallpapers/w11_wets.webp
Sat 11 Oct 12:57:46 BST 2025: Set wallpaper to /home/solomon/.config/hypr/wallpapers/2008-Mazda-Furai-Concept_grey.png
Sat 11 Oct 12:58:46 BST 2025: Set wallpaper to /home/solomon/.config/hypr/wallpapers/2014-Mercedes-Benz-SLS-AMG-Black-Series-009-1440.jpg
Sat 11 Oct 12:59:46 BST 2025: Set wallpaper to /home/solomon/.config/hypr/wallpapers/W05.jpg
Sat 11 Oct 13:00:46 BST 2025: Set wallpaper to /home/solomon/.config/hypr/wallpapers/hyprland_wallpaper.png
Sat 11 Oct 13:01:46 BST 2025: Set wallpaper to /home/solomon/.config/hypr/wallpapers/thumb-1920-1345403.jpeg
Sat 11 Oct 13:02:46 BST 2025: Set wallpaper to /home/solomon/.config/hypr/wallpapers/astize_cc0_split1.png
Sat 11 Oct 13:03:46 BST 2025: Set wallpaper to /home/solomon/.config/hypr/wallpapers/W11_with_DRS.jpg
Sat 11 Oct 13:04:47 BST 2025: Set wallpaper to /home/solomon/.config/hypr/wallpapers/astize_cc0_split1.png
Sat 11 Oct 13:05:47 BST 2025: Set wallpaper to /home/solomon/.config/hypr/wallpapers/2015-Porsche-918-Spyder-012-1440.jpg
Sat 11 Oct 13:06:47 BST 2025: Set wallpaper to /home/solomon/.config/hypr/wallpapers/2009-Mercedes-Benz-SL-65-AMG-Black-003-1080.jpg
Sat 11 Oct 13:07:47 BST 2025: Set wallpaper to /home/solomon/.config/hypr/wallpapers/2014-Mercedes-Benz-SLS-AMG-Black-Series-009-1440.jpg
Sat 11 Oct 13:08:47 BST 2025: Set wallpaper to /home/solomon/.config/hypr/wallpapers/1979-Canepa-BMW-M1-Procar_grey.png
Sat 11 Oct 13:09:47 BST 2025: Set wallpaper to /home/solomon/.config/hypr/wallpapers/1968-Lamborghini-Miura-Jota-SVR-001-1080.jpg
Sat 11 Oct 13:10:47 BST 2025: Set wallpaper to /home/solomon/.config/hypr/wallpapers/mercedes_amg_f1_m11_eq_performance_4k-HD.jpg
Sat 11 Oct 13:11:47 BST 2025: Set wallpaper to /home/solomon/.config/hypr/wallpapers/hyprland_wallpaper.png
Sat 11 Oct 13:12:47 BST 2025: Set wallpaper to /home/solomon/.config/hypr/wallpapers/1979-Canepa-BMW-M1-Procar_grey.png
Sat 11 Oct 13:13:47 BST 2025: Set wallpaper to /home/solomon/.config/hypr/wallpapers/2011-Mercedes-Benz-C63-AMG-Coupe-Black-001-1080.jpg
Sat 11 Oct 13:14:47 BST 2025: Set wallpaper to /home/solomon/.config/hypr/wallpapers/mercedes_amg_f1_m11_eq_performance_4k-HD.jpg
Sat 11 Oct 13:15:47 BST 2025: Set wallpaper to /home/solomon/.config/hypr/wallpapers/hyprland_wallpaper.png
Sat 11 Oct 13:16:47 BST 2025: Set wallpaper to /home/solomon/.config/hypr/wallpapers/hamilton_3079629.jpg
Sat 11 Oct 13:17:47 BST 2025: Set wallpaper to /home/solomon/.config/hypr/wallpapers/1979-Canepa-BMW-M1-Procar_grey.png
Sat 11 Oct 13:18:47 BST 2025: Set wallpaper to /home/solomon/.config/hypr/wallpapers/2005-Ferrari-F430-007-1080.jpg
Sat 11 Oct 13:19:47 BST 2025: Set wallpaper to /home/solomon/.config/hypr/wallpapers/w11_wets.webp
Sat 11 Oct 13:20:47 BST 2025: Set wallpaper to /home/solomon/.config/hypr/wallpapers/2005-Ferrari-F430-007-1080.jpg
Sat 11 Oct 13:21:47 BST 2025: Set wallpaper to /home/solomon/.config/hypr/wallpapers/linux-nitros-dark-ov.jpg
Sat 11 Oct 13:22:47 BST 2025: Set wallpaper to /home/solomon/.config/hypr/wallpapers/2005-Ferrari-F430-007-1080.jpg
Sat 11 Oct 13:23:47 BST 2025: Set wallpaper to /home/solomon/.config/hypr/wallpapers/w11_pfp.webp
Sat 11 Oct 13:24:47 BST 2025: Set wallpaper to /home/solomon/.config/hypr/wallpapers/hamilton_3079629.jpg
Sat 11 Oct 13:25:47 BST 2025: Set wallpaper to /home/solomon/.config/hypr/wallpapers/W11_with_DRS.jpg
Sat 11 Oct 13:26:47 BST 2025: Set wallpaper to /home/solomon/.config/hypr/wallpapers/SilverW11.jpg
Sat 11 Oct 13:27:47 BST 2025: Set wallpaper to /home/solomon/.config/hypr/wallpapers/simple.png
Sat 11 Oct 13:28:47 BST 2025: Set wallpaper to /home/solomon/.config/hypr/wallpapers/2015-Porsche-918-Spyder-012-1440.jpg
Sat 11 Oct 13:29:47 BST 2025: Set wallpaper to /home/solomon/.config/hypr/wallpapers/2015-Porsche-918-Spyder-012-1440.jpg
Sat 11 Oct 13:30:47 BST 2025: Set wallpaper to /home/solomon/.config/hypr/wallpapers/mercedes_amg_f1_m11_eq_performance_4k-HD.jpg
Sat 11 Oct 13:31:47 BST 2025: Set wallpaper to /home/solomon/.config/hypr/wallpapers/W11_with_DRS.jpg
Sat 11 Oct 15:50:40 BST 2025: Set wallpaper to /home/solomon/.config/hypr/wallpapers/w11_pfp.webp
Sat 11 Oct 15:51:40 BST 2025: Set wallpaper to /home/solomon/.config/hypr/wallpapers/2008-Mazda-Furai-Concept_grey.png
Sat 11 Oct 15:52:40 BST 2025: Set wallpaper to /home/solomon/.config/hypr/wallpapers/w11_wets.webp
Sat 11 Oct 15:53:40 BST 2025: Set wallpaper to /home/solomon/.config/hypr/wallpapers/w11_pfp.webp
Sat 11 Oct 15:54:40 BST 2025: Set wallpaper to /home/solomon/.config/hypr/wallpapers/w11_wets.webp
Sat 11 Oct 15:55:40 BST 2025: Set wallpaper to /home/solomon/.config/hypr/wallpapers/1979-Canepa-BMW-M1-Procar_grey.png
Sat 11 Oct 15:56:40 BST 2025: Set wallpaper to /home/solomon/.config/hypr/wallpapers/thumb-1920-1345403.jpeg
Sat 11 Oct 15:57:40 BST 2025: Set wallpaper to /home/solomon/.config/hypr/wallpapers/hamilton_3079629.jpg
Sat 11 Oct 15:58:40 BST 2025: Set wallpaper to /home/solomon/.config/hypr/wallpapers/1979-Canepa-BMW-M1-Procar_grey.png
Sat 11 Oct 15:59:41 BST 2025: Set wallpaper to /home/solomon/.config/hypr/wallpapers/mazda-mx5-miata-mazda-3351.jpg
Sat 11 Oct 16:00:41 BST 2025: Set wallpaper to /home/solomon/.config/hypr/wallpapers/mercedes_amg_f1_m11_eq_performance_4k-HD.jpg
Sat 11 Oct 16:01:41 BST 2025: Set wallpaper to /home/solomon/.config/hypr/wallpapers/W05.jpg
Sat 11 Oct 16:02:41 BST 2025: Set wallpaper to /home/solomon/.config/hypr/wallpapers/thumb-1920-1345403.jpeg
Sat 11 Oct 16:03:41 BST 2025: Set wallpaper to /home/solomon/.config/hypr/wallpapers/W11_with_DRS.jpg
Sat 11 Oct 16:04:41 BST 2025: Set wallpaper to /home/solomon/.config/hypr/wallpapers/2015-Porsche-918-Spyder-012-1440.jpg
Sat 11 Oct 16:05:41 BST 2025: Set wallpaper to /home/solomon/.config/hypr/wallpapers/astize_cc0_split1.png
Sat 11 Oct 16:06:41 BST 2025: Set wallpaper to /home/solomon/.config/hypr/wallpapers/linux-nitros-dark-ov.jpg
Sat 11 Oct 16:07:41 BST 2025: Set wallpaper to /home/solomon/.config/hypr/wallpapers/thumb-1920-1345403.jpeg
Sat 11 Oct 16:08:41 BST 2025: Set wallpaper to /home/solomon/.config/hypr/wallpapers/2011-Mercedes-Benz-C63-AMG-Coupe-Black-001-1080.jpg
Sat 11 Oct 16:09:41 BST 2025: Set wallpaper to /home/solomon/.config/hypr/wallpapers/simple.png
Sat 11 Oct 16:10:41 BST 2025: Set wallpaper to /home/solomon/.config/hypr/wallpapers/2011-Mercedes-Benz-C63-AMG-Coupe-Black-001-1080.jpg
Sat 11 Oct 16:11:41 BST 2025: Set wallpaper to /home/solomon/.config/hypr/wallpapers/mazda-mx5-miata-mazda-3351.jpg
Sat 11 Oct 16:12:41 BST 2025: Set wallpaper to /home/solomon/.config/hypr/wallpapers/w11_pfp.webp
Sat 11 Oct 16:13:41 BST 2025: Set wallpaper to /home/solomon/.config/hypr/wallpapers/1968-Lamborghini-Miura-Jota-SVR-001-1080.jpg
Sat 11 Oct 16:14:41 BST 2025: Set wallpaper to /home/solomon/.config/hypr/wallpapers/astize_cc0_split1.png
Sat 11 Oct 16:15:41 BST 2025: Set wallpaper to /home/solomon/.config/hypr/wallpapers/2008-Mazda-Furai-Concept_grey.png
Sat 11 Oct 16:16:41 BST 2025: Set wallpaper to /home/solomon/.config/hypr/wallpapers/thumb-1920-1345403.jpeg
Sat 11 Oct 16:17:41 BST 2025: Set wallpaper to /home/solomon/.config/hypr/wallpapers/2008-Mazda-Furai-Concept_grey.png
Sat 11 Oct 16:18:41 BST 2025: Set wallpaper to /home/solomon/.config/hypr/wallpapers/2008-Mazda-Furai-Concept_grey.png
Sat 11 Oct 16:19:41 BST 2025: Set wallpaper to /home/solomon/.config/hypr/wallpapers/hamilton_3079629.jpg
Sat 11 Oct 16:20:41 BST 2025: Set wallpaper to /home/solomon/.config/hypr/wallpapers/2014-Mercedes-Benz-SLS-AMG-Black-Series-009-1440.jpg
Sat 11 Oct 16:21:41 BST 2025: Set wallpaper to /home/solomon/.config/hypr/wallpapers/mazda-mx5-miata-mazda-3351.jpg
Sat 11 Oct 16:22:41 BST 2025: Set wallpaper to /home/solomon/.config/hypr/wallpapers/mercedes_amg_f1_m11_eq_performance_4k-HD.jpg
Sat 11 Oct 16:23:41 BST 2025: Set wallpaper to /home/solomon/.config/hypr/wallpapers/1968-Lamborghini-Miura-Jota-SVR-001-1080.jpg
Sat 11 Oct 16:24:41 BST 2025: Set wallpaper to /home/solomon/.config/hypr/wallpapers/w11_pfp.webp
Sat 11 Oct 16:25:41 BST 2025: Set wallpaper to /home/solomon/.config/hypr/wallpapers/2014-Mercedes-Benz-SLS-AMG-Black-Series-009-1440.jpg
Sat 11 Oct 16:26:42 BST 2025: Set wallpaper to /home/solomon/.config/hypr/wallpapers/2009-Mercedes-Benz-SL-65-AMG-Black-003-1080.jpg
Sat 11 Oct 16:27:42 BST 2025: Set wallpaper to /home/solomon/.config/hypr/wallpapers/w11_wets.webp
Sat 11 Oct 16:28:42 BST 2025: Set wallpaper to /home/solomon/.config/hypr/wallpapers/linux-nitros-dark-ov.jpg
Sat 11 Oct 16:29:42 BST 2025: Set wallpaper to /home/solomon/.config/hypr/wallpapers/1979-Canepa-BMW-M1-Procar_grey.png
Sat 11 Oct 16:30:42 BST 2025: Set wallpaper to /home/solomon/.config/hypr/wallpapers/hamilton_3079629.jpg
Sat 11 Oct 16:31:42 BST 2025: Set wallpaper to /home/solomon/.config/hypr/wallpapers/w05.webp
Sat 11 Oct 16:32:42 BST 2025: Set wallpaper to /home/solomon/.config/hypr/wallpapers/2009-Mercedes-Benz-SL-65-AMG-Black-003-1080.jpg
Sat 11 Oct 16:33:42 BST 2025: Set wallpaper to /home/solomon/.config/hypr/wallpapers/2011-Mercedes-Benz-C63-AMG-Coupe-Black-001-1080.jpg
Sat 11 Oct 16:34:42 BST 2025: Set wallpaper to /home/solomon/.config/hypr/wallpapers/w11_wets.webp
Sat 11 Oct 16:35:42 BST 2025: Set wallpaper to /home/solomon/.config/hypr/wallpapers/simple.png
Sat 11 Oct 16:36:42 BST 2025: Set wallpaper to /home/solomon/.config/hypr/wallpapers/mercedes_amg_f1_m11_eq_performance_4k-HD.jpg
Sat 11 Oct 16:37:42 BST 2025: Set wallpaper to /home/solomon/.config/hypr/wallpapers/w05.webp
Sat 11 Oct 16:38:42 BST 2025: Set wallpaper to /home/solomon/.config/hypr/wallpapers/2008-Mazda-Furai-Concept-004-1440.jpg
Sat 11 Oct 16:39:42 BST 2025: Set wallpaper to /home/solomon/.config/hypr/wallpapers/hamilton_3079629.jpg
Sat 11 Oct 16:40:42 BST 2025: Set wallpaper to /home/solomon/.config/hypr/wallpapers/w11_pfp.webp
Sat 11 Oct 16:41:42 BST 2025: Set wallpaper to /home/solomon/.config/hypr/wallpapers/W11_with_DRS.jpg
Sat 11 Oct 16:42:42 BST 2025: Set wallpaper to /home/solomon/.config/hypr/wallpapers/2011-Mercedes-Benz-C63-AMG-Coupe-Black-001-1080.jpg
Sat 11 Oct 16:43:42 BST 2025: Set wallpaper to /home/solomon/.config/hypr/wallpapers/w11_wets.webp
Sat 11 Oct 16:44:42 BST 2025: Set wallpaper to /home/solomon/.config/hypr/wallpapers/w11_pfp.webp
Sat 11 Oct 16:45:42 BST 2025: Set wallpaper to /home/solomon/.config/hypr/wallpapers/2011-Mercedes-Benz-C63-AMG-Coupe-Black-001-1080.jpg
Sat 11 Oct 16:46:42 BST 2025: Set wallpaper to /home/solomon/.config/hypr/wallpapers/w11_pfp.webp
Sat 11 Oct 16:47:42 BST 2025: Set wallpaper to /home/solomon/.config/hypr/wallpapers/1979-Canepa-BMW-M1-Procar_grey.png
Sat 11 Oct 16:48:42 BST 2025: Set wallpaper to /home/solomon/.config/hypr/wallpapers/w11_wets.webp
Sat 11 Oct 16:49:42 BST 2025: Set wallpaper to /home/solomon/.config/hypr/wallpapers/astize_cc0_split1.png
Sat 11 Oct 16:50:42 BST 2025: Set wallpaper to /home/solomon/.config/hypr/wallpapers/2005-Ferrari-F430-007-1080.jpg
Sat 11 Oct 16:51:42 BST 2025: Set wallpaper to /home/solomon/.config/hypr/wallpapers/2008-Mazda-Furai-Concept-004-1440.jpg
Sat 11 Oct 16:52:42 BST 2025: Set wallpaper to /home/solomon/.config/hypr/wallpapers/2011-Mercedes-Benz-C63-AMG-Coupe-Black-001-1080.jpg
Sat 11 Oct 16:53:42 BST 2025: Set wallpaper to /home/solomon/.config/hypr/wallpapers/1979-Canepa-BMW-M1-Procar_grey.png
Sat 11 Oct 16:54:42 BST 2025: Set wallpaper to /home/solomon/.config/hypr/wallpapers/2011-Mercedes-Benz-C63-AMG-Coupe-Black-002-1080.jpg
Sat 11 Oct 16:55:42 BST 2025: Set wallpaper to /home/solomon/.config/hypr/wallpapers/2019-Bugatti-Divo.jpg
Sat 11 Oct 16:56:42 BST 2025: Set wallpaper to /home/solomon/.config/hypr/wallpapers/astize_cc0_split1.png
Sat 11 Oct 16:57:42 BST 2025: Set wallpaper to /home/solomon/.config/hypr/wallpapers/1979-Canepa-BMW-M1-Procar_grey.png
Sat 11 Oct 16:58:43 BST 2025: Set wallpaper to /home/solomon/.config/hypr/wallpapers/thumb-1920-1345403.jpeg
Sat 11 Oct 16:59:43 BST 2025: Set wallpaper to /home/solomon/.config/hypr/wallpapers/hyprland_wallpaper.png
Sat 11 Oct 17:00:43 BST 2025: Set wallpaper to /home/solomon/.config/hypr/wallpapers/2009-Mercedes-Benz-SL-65-AMG-Black-003-1080.jpg
Sat 11 Oct 17:01:43 BST 2025: Set wallpaper to /home/solomon/.config/hypr/wallpapers/linux-nitros-dark-ov.jpg
Sat 11 Oct 17:02:43 BST 2025: Set wallpaper to /home/solomon/.config/hypr/wallpapers/SilverW11.jpg
Sat 11 Oct 17:03:43 BST 2025: Set wallpaper to /home/solomon/.config/hypr/wallpapers/mazda-mx5-miata-mazda-3351.jpg
Sat 11 Oct 17:04:43 BST 2025: Set wallpaper to /home/solomon/.config/hypr/wallpapers/2005-Ferrari-F430-007-1080.jpg
Sat 11 Oct 17:05:43 BST 2025: Set wallpaper to /home/solomon/.config/hypr/wallpapers/mazda-mx5-miata-mazda-3351.jpg
Sat 11 Oct 17:06:43 BST 2025: Set wallpaper to /home/solomon/.config/hypr/wallpapers/2014-Mercedes-Benz-SLS-AMG-Black-Series-009-1440.jpg
Sat 11 Oct 17:07:43 BST 2025: Set wallpaper to /home/solomon/.config/hypr/wallpapers/1968-Lamborghini-Miura-Jota-SVR-001-1080.jpg
Sat 11 Oct 17:08:43 BST 2025: Set wallpaper to /home/solomon/.config/hypr/wallpapers/2011-Mercedes-Benz-C63-AMG-Coupe-Black-002-1080.jpg
Sat 11 Oct 22:29:48 BST 2025: Set wallpaper to /home/solomon/.config/hypr/wallpapers/1979-Canepa-BMW-M1-Procar_grey.png
Sat 11 Oct 22:30:48 BST 2025: Set wallpaper to /home/solomon/.config/hypr/wallpapers/2011-Mercedes-Benz-C63-AMG-Coupe-Black-001-1080.jpg
Sat 11 Oct 22:31:48 BST 2025: Set wallpaper to /home/solomon/.config/hypr/wallpapers/1979-Canepa-BMW-M1-Procar_grey.png
Sat 11 Oct 22:32:48 BST 2025: Set wallpaper to /home/solomon/.config/hypr/wallpapers/hamilton_3079629.jpg
Sat 11 Oct 22:33:48 BST 2025: Set wallpaper to /home/solomon/.config/hypr/wallpapers/hamilton_3079629.jpg
Sat 11 Oct 22:34:48 BST 2025: Set wallpaper to /home/solomon/.config/hypr/wallpapers/mercedes-w11.webp
Sat 11 Oct 22:35:48 BST 2025: Set wallpaper to /home/solomon/.config/hypr/wallpapers/hyprland_wallpaper.png
Sat 11 Oct 22:36:48 BST 2025: Set wallpaper to /home/solomon/.config/hypr/wallpapers/hyprland_wallpaper.png
Sat 11 Oct 22:37:48 BST 2025: Set wallpaper to /home/solomon/.config/hypr/wallpapers/thumb-1920-1345403.jpeg
Sat 11 Oct 22:38:48 BST 2025: Set wallpaper to /home/solomon/.config/hypr/wallpapers/2011-Mercedes-Benz-C63-AMG-Coupe-Black-001-1080.jpg
Sat 11 Oct 22:39:49 BST 2025: Set wallpaper to /home/solomon/.config/hypr/wallpapers/w05.webp
Sat 11 Oct 22:40:49 BST 2025: Set wallpaper to /home/solomon/.config/hypr/wallpapers/thumb-1920-1345403.jpeg
Sat 11 Oct 22:41:49 BST 2025: Set wallpaper to /home/solomon/.config/hypr/wallpapers/2011-Mercedes-Benz-C63-AMG-Coupe-Black-001-1080.jpg
Sat 11 Oct 22:42:49 BST 2025: Set wallpaper to /home/solomon/.config/hypr/wallpapers/2019-Bugatti-Divo.jpg
Sat 11 Oct 22:43:49 BST 2025: Set wallpaper to /home/solomon/.config/hypr/wallpapers/linux-nitros-dark-ov.jpg
Sat 11 Oct 22:44:49 BST 2025: Set wallpaper to /home/solomon/.config/hypr/wallpapers/astize_cc0_split1.png
Sat 11 Oct 22:45:49 BST 2025: Set wallpaper to /home/solomon/.config/hypr/wallpapers/linux-nitros-dark-ov.jpg
Sat 11 Oct 22:46:49 BST 2025: Set wallpaper to /home/solomon/.config/hypr/wallpapers/linux-nitros-dark-ov.jpg
Sat 11 Oct 22:47:49 BST 2025: Set wallpaper to /home/solomon/.config/hypr/wallpapers/1968-Lamborghini-Miura-Jota-SVR-001-1080.jpg
Sat 11 Oct 22:48:49 BST 2025: Set wallpaper to /home/solomon/.config/hypr/wallpapers/2011-Mercedes-Benz-C63-AMG-Coupe-Black-001-1080.jpg
Sat 11 Oct 22:49:49 BST 2025: Set wallpaper to /home/solomon/.config/hypr/wallpapers/SilverW11.jpg
Sat 11 Oct 22:50:49 BST 2025: Set wallpaper to /home/solomon/.config/hypr/wallpapers/2011-Mercedes-Benz-C63-AMG-Coupe-Black-002-1080.jpg
Sat 11 Oct 22:51:49 BST 2025: Set wallpaper to /home/solomon/.config/hypr/wallpapers/w11_wets.webp
Sat 11 Oct 22:52:49 BST 2025: Set wallpaper to /home/solomon/.config/hypr/wallpapers/1968-Lamborghini-Miura-Jota-SVR-001-1080.jpg
Sun 12 Oct 09:34:49 BST 2025: Set wallpaper to /home/solomon/.config/hypr/wallpapers/2019-Bugatti-Divo.jpg
Sun 12 Oct 09:36:51 BST 2025: Set wallpaper to /home/solomon/.config/hypr/wallpapers/2011-Mercedes-Benz-C63-AMG-Coupe-Black-002-1080.jpg
Sun 12 Oct 09:38:51 BST 2025: Set wallpaper to /home/solomon/.config/hypr/wallpapers/simple.png
Sun 12 Oct 09:40:51 BST 2025: Set wallpaper to /home/solomon/.config/hypr/wallpapers/hamilton_3079629.jpg
Sun 12 Oct 09:42:51 BST 2025: Set wallpaper to /home/solomon/.config/hypr/wallpapers/2008-Mazda-Furai-Concept_grey.png
Sun 12 Oct 09:44:51 BST 2025: Set wallpaper to /home/solomon/.config/hypr/wallpapers/1968-Lamborghini-Miura-Jota-SVR-001-1080.jpg
Sun 12 Oct 09:46:51 BST 2025: Set wallpaper to /home/solomon/.config/hypr/wallpapers/2015-Porsche-918-Spyder-012-1440.jpg
Sun 12 Oct 09:48:51 BST 2025: Set wallpaper to /home/solomon/.config/hypr/wallpapers/mercedes_amg_f1_m11_eq_performance_4k-HD.jpg
Sun 12 Oct 09:50:51 BST 2025: Set wallpaper to /home/solomon/.config/hypr/wallpapers/mazda-mx5-miata-mazda-3351.jpg
Sun 12 Oct 09:52:51 BST 2025: Set wallpaper to /home/solomon/.config/hypr/wallpapers/hyprland_wallpaper.png
Sun 12 Oct 09:54:51 BST 2025: Set wallpaper to /home/solomon/.config/hypr/wallpapers/2019-Bugatti-Divo.jpg
Sun 12 Oct 09:56:51 BST 2025: Set wallpaper to /home/solomon/.config/hypr/wallpapers/w11_wets.webp
Sun 12 Oct 09:58:51 BST 2025: Set wallpaper to /home/solomon/.config/hypr/wallpapers/2008-Mazda-Furai-Concept_grey.png
Sun 12 Oct 10:00:51 BST 2025: Set wallpaper to /home/solomon/.config/hypr/wallpapers/w05.webp
Sun 12 Oct 10:02:51 BST 2025: Set wallpaper to /home/solomon/.config/hypr/wallpapers/W11_with_DRS.jpg
Sun 12 Oct 10:04:51 BST 2025: Set wallpaper to /home/solomon/.config/hypr/wallpapers/hyprland_wallpaper.png
Sun 12 Oct 10:06:51 BST 2025: Set wallpaper to /home/solomon/.config/hypr/wallpapers/mercedes_amg_f1_m11_eq_performance_4k-HD.jpg
Sun 12 Oct 10:08:51 BST 2025: Set wallpaper to /home/solomon/.config/hypr/wallpapers/W05.jpg
Sun 12 Oct 10:10:51 BST 2025: Set wallpaper to /home/solomon/.config/hypr/wallpapers/2015-Porsche-918-Spyder-012-1440.jpg
Sun 12 Oct 14:43:33 BST 2025: Set wallpaper to /home/solomon/.config/hypr/wallpapers/2014-Mercedes-Benz-SLS-AMG-Black-Series-009-1440.jpg
Sun 12 Oct 14:45:33 BST 2025: Set wallpaper to /home/solomon/.config/hypr/wallpapers/astize_cc0_split1.png
Sun 12 Oct 14:47:33 BST 2025: Set wallpaper to /home/solomon/.config/hypr/wallpapers/2008-Mazda-Furai-Concept-004-1440.jpg
Sun 12 Oct 14:49:33 BST 2025: Set wallpaper to /home/solomon/.config/hypr/wallpapers/2008-Mazda-Furai-Concept-004-1440.jpg
Sun 12 Oct 14:51:33 BST 2025: Set wallpaper to /home/solomon/.config/hypr/wallpapers/astize_cc0_split1.png
Sun 12 Oct 14:53:33 BST 2025: Set wallpaper to /home/solomon/.config/hypr/wallpapers/2005-Ferrari-F430-007-1080.jpg
Sun 12 Oct 14:55:33 BST 2025: Set wallpaper to /home/solomon/.config/hypr/wallpapers/2005-Ferrari-F430-007-1080.jpg
Sun 12 Oct 14:57:33 BST 2025: Set wallpaper to /home/solomon/.config/hypr/wallpapers/linux-nitros-dark-ov.jpg
Sun 12 Oct 14:59:33 BST 2025: Set wallpaper to /home/solomon/.config/hypr/wallpapers/hamilton_3079629.jpg
Sun 12 Oct 15:01:33 BST 2025: Set wallpaper to /home/solomon/.config/hypr/wallpapers/linux-nitros-dark-ov.jpg
Sun 12 Oct 15:03:33 BST 2025: Set wallpaper to /home/solomon/.config/hypr/wallpapers/1979-Canepa-BMW-M1-Procar_grey.png
Sun 12 Oct 15:05:33 BST 2025: Set wallpaper to /home/solomon/.config/hypr/wallpapers/W11_with_DRS.jpg
Sun 12 Oct 15:07:33 BST 2025: Set wallpaper to /home/solomon/.config/hypr/wallpapers/2011-Mercedes-Benz-C63-AMG-Coupe-Black-001-1080.jpg
Sun 12 Oct 15:09:33 BST 2025: Set wallpaper to /home/solomon/.config/hypr/wallpapers/2008-Mazda-Furai-Concept-004-1440.jpg
Sun 12 Oct 15:11:33 BST 2025: Set wallpaper to /home/solomon/.config/hypr/wallpapers/1968-Lamborghini-Miura-Jota-SVR-001-1080.jpg
Sun 12 Oct 15:13:33 BST 2025: Set wallpaper to /home/solomon/.config/hypr/wallpapers/mazda-mx5-miata-mazda-3351.jpg
Sun 12 Oct 15:15:33 BST 2025: Set wallpaper to /home/solomon/.config/hypr/wallpapers/w11_wets.webp
Sun 12 Oct 15:17:33 BST 2025: Set wallpaper to /home/solomon/.config/hypr/wallpapers/simple.png
Sun 12 Oct 15:19:33 BST 2025: Set wallpaper to /home/solomon/.config/hypr/wallpapers/simple.png
Sun 12 Oct 15:21:33 BST 2025: Set wallpaper to /home/solomon/.config/hypr/wallpapers/2008-Mazda-Furai-Concept-004-1440.jpg
Sun 12 Oct 15:23:33 BST 2025: Set wallpaper to /home/solomon/.config/hypr/wallpapers/W11_with_DRS.jpg
Sun 12 Oct 15:25:33 BST 2025: Set wallpaper to /home/solomon/.config/hypr/wallpapers/hyprland_wallpaper.png
Sun 12 Oct 15:27:33 BST 2025: Set wallpaper to /home/solomon/.config/hypr/wallpapers/hamilton_3079629.jpg
Sun 12 Oct 15:29:33 BST 2025: Set wallpaper to /home/solomon/.config/hypr/wallpapers/1979-Canepa-BMW-M1-Procar_grey.png
Sun 12 Oct 15:31:33 BST 2025: Set wallpaper to /home/solomon/.config/hypr/wallpapers/1968-Lamborghini-Miura-Jota-SVR-001-1080.jpg
Sun 12 Oct 15:33:33 BST 2025: Set wallpaper to /home/solomon/.config/hypr/wallpapers/w11_pfp.webp
Sun 12 Oct 15:35:34 BST 2025: Set wallpaper to /home/solomon/.config/hypr/wallpapers/hamilton_3079629.jpg
Sun 12 Oct 15:37:34 BST 2025: Set wallpaper to /home/solomon/.config/hypr/wallpapers/mazda-mx5-miata-mazda-3351.jpg
Sun 12 Oct 15:39:34 BST 2025: Set wallpaper to /home/solomon/.config/hypr/wallpapers/thumb-1920-1345403.jpeg
Sun 12 Oct 15:41:34 BST 2025: Set wallpaper to /home/solomon/.config/hypr/wallpapers/thumb-1920-1345403.jpeg
Sun 12 Oct 15:43:34 BST 2025: Set wallpaper to /home/solomon/.config/hypr/wallpapers/2019-Bugatti-Divo.jpg
Sun 12 Oct 15:45:34 BST 2025: Set wallpaper to /home/solomon/.config/hypr/wallpapers/2008-Mazda-Furai-Concept-004-1440.jpg
Sun 12 Oct 15:47:34 BST 2025: Set wallpaper to /home/solomon/.config/hypr/wallpapers/w11_pfp.webp
Sun 12 Oct 21:11:21 BST 2025: Set wallpaper to /home/solomon/.config/hypr/wallpapers/1968-Lamborghini-Miura-Jota-SVR-001-1080.jpg
Sun 12 Oct 21:13:21 BST 2025: Set wallpaper to /home/solomon/.config/hypr/wallpapers/w11_pfp.webp
Sun 12 Oct 21:15:21 BST 2025: Set wallpaper to /home/solomon/.config/hypr/wallpapers/2009-Mercedes-Benz-SL-65-AMG-Black-003-1080.jpg
Sun 12 Oct 21:17:21 BST 2025: Set wallpaper to /home/solomon/.config/hypr/wallpapers/w11_pfp.webp
Sun 12 Oct 21:19:21 BST 2025: Set wallpaper to /home/solomon/.config/hypr/wallpapers/SilverW11.jpg
Sun 12 Oct 21:21:21 BST 2025: Set wallpaper to /home/solomon/.config/hypr/wallpapers/hamilton_3079629.jpg
Sun 12 Oct 21:23:21 BST 2025: Set wallpaper to /home/solomon/.config/hypr/wallpapers/astize_cc0_split1.png
Sun 12 Oct 21:25:21 BST 2025: Set wallpaper to /home/solomon/.config/hypr/wallpapers/simple.png
Sun 12 Oct 21:27:22 BST 2025: Set wallpaper to /home/solomon/.config/hypr/wallpapers/thumb-1920-1345403.jpeg
Sun 12 Oct 21:29:22 BST 2025: Set wallpaper to /home/solomon/.config/hypr/wallpapers/linux-nitros-dark-ov.jpg
Sun 12 Oct 21:31:22 BST 2025: Set wallpaper to /home/solomon/.config/hypr/wallpapers/1979-Canepa-BMW-M1-Procar_grey.png
Sun 12 Oct 21:33:22 BST 2025: Set wallpaper to /home/solomon/.config/hypr/wallpapers/w05.webp
Sun 12 Oct 21:35:22 BST 2025: Set wallpaper to /home/solomon/.config/hypr/wallpapers/2019-Bugatti-Divo.jpg
Sun 12 Oct 21:37:22 BST 2025: Set wallpaper to /home/solomon/.config/hypr/wallpapers/2008-Mazda-Furai-Concept-004-1440.jpg
Sun 12 Oct 21:39:22 BST 2025: Set wallpaper to /home/solomon/.config/hypr/wallpapers/2008-Mazda-Furai-Concept_grey.png
Sun 12 Oct 21:41:22 BST 2025: Set wallpaper to /home/solomon/.config/hypr/wallpapers/w11_pfp.webp
Sun 12 Oct 21:43:22 BST 2025: Set wallpaper to /home/solomon/.config/hypr/wallpapers/w11_pfp.webp
Sun 12 Oct 21:45:22 BST 2025: Set wallpaper to /home/solomon/.config/hypr/wallpapers/W05.jpg
Sun 12 Oct 21:47:17 BST 2025: Set wallpaper to /home/solomon/.config/hypr/wallpapers/w11_pfp.webp
Sun 12 Oct 21:49:17 BST 2025: Set wallpaper to /home/solomon/.config/hypr/wallpapers/w11_pfp.webp
Sun 12 Oct 21:51:17 BST 2025: Set wallpaper to /home/solomon/.config/hypr/wallpapers/w05.webp
Sun 12 Oct 21:53:17 BST 2025: Set wallpaper to /home/solomon/.config/hypr/wallpapers/w11_pfp.webp
Sun 12 Oct 21:55:17 BST 2025: Set wallpaper to /home/solomon/.config/hypr/wallpapers/thumb-1920-1345403.jpeg
Sun 12 Oct 21:57:17 BST 2025: Set wallpaper to /home/solomon/.config/hypr/wallpapers/2014-Mercedes-Benz-SLS-AMG-Black-Series-009-1440.jpg
Sun 12 Oct 21:59:17 BST 2025: Set wallpaper to /home/solomon/.config/hypr/wallpapers/2005-Ferrari-F430-007-1080.jpg
Sun 12 Oct 22:01:17 BST 2025: Set wallpaper to /home/solomon/.config/hypr/wallpapers/2005-Ferrari-F430-007-1080.jpg
Sun 12 Oct 22:03:18 BST 2025: Set wallpaper to /home/solomon/.config/hypr/wallpapers/W11_with_DRS.jpg
Sun 12 Oct 22:05:18 BST 2025: Set wallpaper to /home/solomon/.config/hypr/wallpapers/mazda-mx5-miata-mazda-3351.jpg
Sun 12 Oct 22:07:20 BST 2025: Set wallpaper to /home/solomon/.config/hypr/wallpapers/1979-Canepa-BMW-M1-Procar_grey.png
Sun 12 Oct 22:09:20 BST 2025: Set wallpaper to /home/solomon/.config/hypr/wallpapers/w11_pfp.webp
Sun 12 Oct 22:11:20 BST 2025: Set wallpaper to /home/solomon/.config/hypr/wallpapers/mercedes-w11.webp
Sun 12 Oct 22:13:20 BST 2025: Set wallpaper to /home/solomon/.config/hypr/wallpapers/W05.jpg
Sun 12 Oct 22:15:20 BST 2025: Set wallpaper to /home/solomon/.config/hypr/wallpapers/2009-Mercedes-Benz-SL-65-AMG-Black-003-1080.jpg
Sun 12 Oct 22:17:20 BST 2025: Set wallpaper to /home/solomon/.config/hypr/wallpapers/2008-Mazda-Furai-Concept_grey.png
Sun 12 Oct 22:19:20 BST 2025: Set wallpaper to /home/solomon/.config/hypr/wallpapers/mercedes_amg_f1_m11_eq_performance_4k-HD.jpg
Sun 12 Oct 22:21:20 BST 2025: Set wallpaper to /home/solomon/.config/hypr/wallpapers/W05.jpg
Sun 12 Oct 22:23:20 BST 2025: Set wallpaper to /home/solomon/.config/hypr/wallpapers/2011-Mercedes-Benz-C63-AMG-Coupe-Black-002-1080.jpg
Sun 12 Oct 22:25:20 BST 2025: Set wallpaper to /home/solomon/.config/hypr/wallpapers/2008-Mazda-Furai-Concept_grey.png
Sun 12 Oct 22:27:20 BST 2025: Set wallpaper to /home/solomon/.config/hypr/wallpapers/w11_wets.webp
Sun 12 Oct 22:29:20 BST 2025: Set wallpaper to /home/solomon/.config/hypr/wallpapers/w11_wets.webp
Sun 12 Oct 22:31:20 BST 2025: Set wallpaper to /home/solomon/.config/hypr/wallpapers/hyprland_wallpaper.png
Sun 12 Oct 22:33:20 BST 2025: Set wallpaper to /home/solomon/.config/hypr/wallpapers/thumb-1920-1345403.jpeg
Sun 12 Oct 22:35:20 BST 2025: Set wallpaper to /home/solomon/.config/hypr/wallpapers/w11_pfp.webp
Sun 12 Oct 22:37:20 BST 2025: Set wallpaper to /home/solomon/.config/hypr/wallpapers/w11_wets.webp
Sun 12 Oct 22:39:20 BST 2025: Set wallpaper to /home/solomon/.config/hypr/wallpapers/mercedes-w11.webp
Sun 12 Oct 22:41:21 BST 2025: Set wallpaper to /home/solomon/.config/hypr/wallpapers/simple.png
Sun 12 Oct 22:43:21 BST 2025: Set wallpaper to /home/solomon/.config/hypr/wallpapers/linux-nitros-dark-ov.jpg
Sun 12 Oct 22:45:21 BST 2025: Set wallpaper to /home/solomon/.config/hypr/wallpapers/1979-Canepa-BMW-M1-Procar_grey.png
Sun 12 Oct 22:47:21 BST 2025: Set wallpaper to /home/solomon/.config/hypr/wallpapers/2009-Mercedes-Benz-SL-65-AMG-Black-003-1080.jpg
Sun 12 Oct 22:49:21 BST 2025: Set wallpaper to /home/solomon/.config/hypr/wallpapers/hyprland_wallpaper.png
Sun 12 Oct 22:51:21 BST 2025: Set wallpaper to /home/solomon/.config/hypr/wallpapers/astize_cc0_split1.png
Sun 12 Oct 22:53:21 BST 2025: Set wallpaper to /home/solomon/.config/hypr/wallpapers/mercedes_amg_f1_m11_eq_performance_4k-HD.jpg
Sun 12 Oct 22:55:21 BST 2025: Set wallpaper to /home/solomon/.config/hypr/wallpapers/simple.png
Sun 12 Oct 22:57:21 BST 2025: Set wallpaper to /home/solomon/.config/hypr/wallpapers/w11_wets.webp
Sun 12 Oct 22:59:21 BST 2025: Set wallpaper to /home/solomon/.config/hypr/wallpapers/2008-Mazda-Furai-Concept-004-1440.jpg
Sun 12 Oct 23:01:21 BST 2025: Set wallpaper to /home/solomon/.config/hypr/wallpapers/2008-Mazda-Furai-Concept-004-1440.jpg
Sun 12 Oct 23:03:21 BST 2025: Set wallpaper to /home/solomon/.config/hypr/wallpapers/SilverW11.jpg
Sun 12 Oct 23:05:21 BST 2025: Set wallpaper to /home/solomon/.config/hypr/wallpapers/hamilton_3079629.jpg
Sun 12 Oct 23:07:21 BST 2025: Set wallpaper to /home/solomon/.config/hypr/wallpapers/1968-Lamborghini-Miura-Jota-SVR-001-1080.jpg
Sun 12 Oct 23:09:21 BST 2025: Set wallpaper to /home/solomon/.config/hypr/wallpapers/1979-Canepa-BMW-M1-Procar_grey.png
Sun 12 Oct 23:11:21 BST 2025: Set wallpaper to /home/solomon/.config/hypr/wallpapers/2008-Mazda-Furai-Concept_grey.png
Sun 12 Oct 23:13:21 BST 2025: Set wallpaper to /home/solomon/.config/hypr/wallpapers/w05.webp
Sun 12 Oct 23:15:21 BST 2025: Set wallpaper to /home/solomon/.config/hypr/wallpapers/mazda-mx5-miata-mazda-3351.jpg
Sun 12 Oct 23:17:21 BST 2025: Set wallpaper to /home/solomon/.config/hypr/wallpapers/w05.webp
Sun 12 Oct 23:19:21 BST 2025: Set wallpaper to /home/solomon/.config/hypr/wallpapers/2009-Mercedes-Benz-SL-65-AMG-Black-003-1080.jpg
Sun 12 Oct 23:21:22 BST 2025: Set wallpaper to /home/solomon/.config/hypr/wallpapers/2019-Bugatti-Divo.jpg
Sun 12 Oct 23:23:22 BST 2025: Set wallpaper to /home/solomon/.config/hypr/wallpapers/mazda-mx5-miata-mazda-3351.jpg
Sun 12 Oct 23:25:22 BST 2025: Set wallpaper to /home/solomon/.config/hypr/wallpapers/hamilton_3079629.jpg
Sun 12 Oct 23:27:22 BST 2025: Set wallpaper to /home/solomon/.config/hypr/wallpapers/thumb-1920-1345403.jpeg
Sun 12 Oct 23:29:22 BST 2025: Set wallpaper to /home/solomon/.config/hypr/wallpapers/2005-Ferrari-F430-007-1080.jpg
Sun 12 Oct 23:31:22 BST 2025: Set wallpaper to /home/solomon/.config/hypr/wallpapers/2008-Mazda-Furai-Concept_grey.png
Sun 12 Oct 23:33:22 BST 2025: Set wallpaper to /home/solomon/.config/hypr/wallpapers/w11_wets.webp
Sun 12 Oct 23:35:22 BST 2025: Set wallpaper to /home/solomon/.config/hypr/wallpapers/2005-Ferrari-F430-007-1080.jpg
Sun 12 Oct 23:37:22 BST 2025: Set wallpaper to /home/solomon/.config/hypr/wallpapers/mercedes-w11.webp
Mon 13 Oct 02:05:59 BST 2025: Set wallpaper to /home/solomon/.config/hypr/wallpapers/2005-Ferrari-F430-007-1080.jpg
Mon 13 Oct 02:07:59 BST 2025: Set wallpaper to /home/solomon/.config/hypr/wallpapers/astize_cc0_split1.png
Mon 13 Oct 02:09:59 BST 2025: Set wallpaper to /home/solomon/.config/hypr/wallpapers/hyprland_wallpaper.png
Mon 13 Oct 02:12:00 BST 2025: Set wallpaper to /home/solomon/.config/hypr/wallpapers/2008-Mazda-Furai-Concept-004-1440.jpg
Mon 13 Oct 02:14:00 BST 2025: Set wallpaper to /home/solomon/.config/hypr/wallpapers/2011-Mercedes-Benz-C63-AMG-Coupe-Black-002-1080.jpg
Mon 13 Oct 02:16:00 BST 2025: Set wallpaper to /home/solomon/.config/hypr/wallpapers/thumb-1920-1345403.jpeg
Mon 13 Oct 02:18:00 BST 2025: Set wallpaper to /home/solomon/.config/hypr/wallpapers/hyprland_wallpaper.png
Mon 13 Oct 02:20:00 BST 2025: Set wallpaper to /home/solomon/.config/hypr/wallpapers/simple.png
Mon 13 Oct 02:22:00 BST 2025: Set wallpaper to /home/solomon/.config/hypr/wallpapers/mercedes-w11.webp
Mon 13 Oct 02:24:00 BST 2025: Set wallpaper to /home/solomon/.config/hypr/wallpapers/2008-Mazda-Furai-Concept_grey.png
Mon 13 Oct 02:26:00 BST 2025: Set wallpaper to /home/solomon/.config/hypr/wallpapers/thumb-1920-1345403.jpeg
Mon 13 Oct 02:28:00 BST 2025: Set wallpaper to /home/solomon/.config/hypr/wallpapers/linux-nitros-dark-ov.jpg
Mon 13 Oct 02:30:00 BST 2025: Set wallpaper to /home/solomon/.config/hypr/wallpapers/hamilton_3079629.jpg
Mon 13 Oct 02:32:00 BST 2025: Set wallpaper to /home/solomon/.config/hypr/wallpapers/2008-Mazda-Furai-Concept_grey.png
Mon 13 Oct 02:34:00 BST 2025: Set wallpaper to /home/solomon/.config/hypr/wallpapers/simple.png
Mon 13 Oct 02:36:00 BST 2025: Set wallpaper to /home/solomon/.config/hypr/wallpapers/2008-Mazda-Furai-Concept_grey.png
Mon 13 Oct 02:38:00 BST 2025: Set wallpaper to /home/solomon/.config/hypr/wallpapers/2005-Ferrari-F430-007-1080.jpg
Mon 13 Oct 02:40:00 BST 2025: Set wallpaper to /home/solomon/.config/hypr/wallpapers/W11_with_DRS.jpg
Mon 13 Oct 02:42:00 BST 2025: Set wallpaper to /home/solomon/.config/hypr/wallpapers/2011-Mercedes-Benz-C63-AMG-Coupe-Black-002-1080.jpg
Mon 13 Oct 02:44:00 BST 2025: Set wallpaper to /home/solomon/.config/hypr/wallpapers/2008-Mazda-Furai-Concept_grey.png
Mon 13 Oct 02:46:00 BST 2025: Set wallpaper to /home/solomon/.config/hypr/wallpapers/SilverW11.jpg
Mon 13 Oct 02:48:00 BST 2025: Set wallpaper to /home/solomon/.config/hypr/wallpapers/2011-Mercedes-Benz-C63-AMG-Coupe-Black-002-1080.jpg
Mon 13 Oct 02:50:00 BST 2025: Set wallpaper to /home/solomon/.config/hypr/wallpapers/w11_wets.webp
Mon 13 Oct 02:52:00 BST 2025: Set wallpaper to /home/solomon/.config/hypr/wallpapers/2009-Mercedes-Benz-SL-65-AMG-Black-003-1080.jpg
Mon 13 Oct 02:54:01 BST 2025: Set wallpaper to /home/solomon/.config/hypr/wallpapers/2019-Bugatti-Divo.jpg
Mon 13 Oct 02:56:01 BST 2025: Set wallpaper to /home/solomon/.config/hypr/wallpapers/mazda-mx5-miata-mazda-3351.jpg
Mon 13 Oct 02:58:01 BST 2025: Set wallpaper to /home/solomon/.config/hypr/wallpapers/2011-Mercedes-Benz-C63-AMG-Coupe-Black-002-1080.jpg
Mon 13 Oct 03:00:01 BST 2025: Set wallpaper to /home/solomon/.config/hypr/wallpapers/2008-Mazda-Furai-Concept-004-1440.jpg
Mon 13 Oct 03:02:01 BST 2025: Set wallpaper to /home/solomon/.config/hypr/wallpapers/astize_cc0_split1.png
Mon 13 Oct 03:04:01 BST 2025: Set wallpaper to /home/solomon/.config/hypr/wallpapers/2008-Mazda-Furai-Concept_grey.png
Mon 13 Oct 03:06:01 BST 2025: Set wallpaper to /home/solomon/.config/hypr/wallpapers/hamilton_3079629.jpg
Mon 13 Oct 03:08:01 BST 2025: Set wallpaper to /home/solomon/.config/hypr/wallpapers/thumb-1920-1345403.jpeg
Mon 13 Oct 03:10:01 BST 2025: Set wallpaper to /home/solomon/.config/hypr/wallpapers/W11_with_DRS.jpg
Mon 13 Oct 03:12:01 BST 2025: Set wallpaper to /home/solomon/.config/hypr/wallpapers/hamilton_3079629.jpg
Mon 13 Oct 03:14:01 BST 2025: Set wallpaper to /home/solomon/.config/hypr/wallpapers/w11_wets.webp
Mon 13 Oct 03:16:01 BST 2025: Set wallpaper to /home/solomon/.config/hypr/wallpapers/W05.jpg
Mon 13 Oct 03:18:01 BST 2025: Set wallpaper to /home/solomon/.config/hypr/wallpapers/2005-Ferrari-F430-007-1080.jpg
Mon 13 Oct 03:20:01 BST 2025: Set wallpaper to /home/solomon/.config/hypr/wallpapers/simple.png
Mon 13 Oct 07:36:24 BST 2025: Set wallpaper to /home/solomon/.config/hypr/wallpapers/hyprland_wallpaper.png
Mon 13 Oct 07:38:24 BST 2025: Set wallpaper to /home/solomon/.config/hypr/wallpapers/mercedes-w11.webp
Mon 13 Oct 07:40:24 BST 2025: Set wallpaper to /home/solomon/.config/hypr/wallpapers/hamilton_3079629.jpg
Mon 13 Oct 07:42:24 BST 2025: Set wallpaper to /home/solomon/.config/hypr/wallpapers/simple.png
Mon 13 Oct 07:44:24 BST 2025: Set wallpaper to /home/solomon/.config/hypr/wallpapers/2014-Mercedes-Benz-SLS-AMG-Black-Series-009-1440.jpg
Mon 13 Oct 07:46:24 BST 2025: Set wallpaper to /home/solomon/.config/hypr/wallpapers/w05.webp
Mon 13 Oct 07:48:24 BST 2025: Set wallpaper to /home/solomon/.config/hypr/wallpapers/w11_pfp.webp
Mon 13 Oct 07:50:24 BST 2025: Set wallpaper to /home/solomon/.config/hypr/wallpapers/2014-Mercedes-Benz-SLS-AMG-Black-Series-009-1440.jpg
Mon 13 Oct 07:52:24 BST 2025: Set wallpaper to /home/solomon/.config/hypr/wallpapers/hamilton_3079629.jpg
Mon 13 Oct 07:54:24 BST 2025: Set wallpaper to /home/solomon/.config/hypr/wallpapers/astize_cc0_split1.png
Mon 13 Oct 07:56:24 BST 2025: Set wallpaper to /home/solomon/.config/hypr/wallpapers/2011-Mercedes-Benz-C63-AMG-Coupe-Black-001-1080.jpg
Mon 13 Oct 07:58:24 BST 2025: Set wallpaper to /home/solomon/.config/hypr/wallpapers/2011-Mercedes-Benz-C63-AMG-Coupe-Black-002-1080.jpg
Mon 13 Oct 08:00:24 BST 2025: Set wallpaper to /home/solomon/.config/hypr/wallpapers/simple.png
Mon 13 Oct 08:02:24 BST 2025: Set wallpaper to /home/solomon/.config/hypr/wallpapers/hyprland_wallpaper.png
Mon 13 Oct 08:04:24 BST 2025: Set wallpaper to /home/solomon/.config/hypr/wallpapers/astize_cc0_split1.png
Mon 13 Oct 08:06:25 BST 2025: Set wallpaper to /home/solomon/.config/hypr/wallpapers/1979-Canepa-BMW-M1-Procar_grey.png
Mon 13 Oct 08:15:49 BST 2025: Set wallpaper to /home/solomon/.config/hypr/wallpapers/mercedes_amg_f1_m11_eq_performance_4k-HD.jpg
Mon 13 Oct 08:17:49 BST 2025: Set wallpaper to /home/solomon/.config/hypr/wallpapers/2014-Mercedes-Benz-SLS-AMG-Black-Series-009-1440.jpg
Mon 13 Oct 08:19:49 BST 2025: Set wallpaper to /home/solomon/.config/hypr/wallpapers/mercedes-w11.webp
Mon 13 Oct 08:21:49 BST 2025: Set wallpaper to /home/solomon/.config/hypr/wallpapers/W05.jpg
Mon 13 Oct 08:23:50 BST 2025: Set wallpaper to /home/solomon/.config/hypr/wallpapers/2015-Porsche-918-Spyder-012-1440.jpg
Mon 13 Oct 08:25:50 BST 2025: Set wallpaper to /home/solomon/.config/hypr/wallpapers/mazda-mx5-miata-mazda-3351.jpg
Mon 13 Oct 08:27:50 BST 2025: Set wallpaper to /home/solomon/.config/hypr/wallpapers/2015-Porsche-918-Spyder-012-1440.jpg
Mon 13 Oct 08:29:50 BST 2025: Set wallpaper to /home/solomon/.config/hypr/wallpapers/2015-Porsche-918-Spyder-012-1440.jpg
Mon 13 Oct 08:31:50 BST 2025: Set wallpaper to /home/solomon/.config/hypr/wallpapers/w11_wets.webp
Mon 13 Oct 08:33:50 BST 2025: Set wallpaper to /home/solomon/.config/hypr/wallpapers/w11_wets.webp
Mon 13 Oct 08:35:50 BST 2025: Set wallpaper to /home/solomon/.config/hypr/wallpapers/hyprland_wallpaper.png
Mon 13 Oct 08:37:50 BST 2025: Set wallpaper to /home/solomon/.config/hypr/wallpapers/2011-Mercedes-Benz-C63-AMG-Coupe-Black-001-1080.jpg
Mon 13 Oct 08:39:50 BST 2025: Set wallpaper to /home/solomon/.config/hypr/wallpapers/2005-Ferrari-F430-007-1080.jpg
Mon 13 Oct 08:41:50 BST 2025: Set wallpaper to /home/solomon/.config/hypr/wallpapers/simple.png
Mon 13 Oct 08:43:50 BST 2025: Set wallpaper to /home/solomon/.config/hypr/wallpapers/linux-nitros-dark-ov.jpg
Mon 13 Oct 08:45:50 BST 2025: Set wallpaper to /home/solomon/.config/hypr/wallpapers/mazda-mx5-miata-mazda-3351.jpg
Mon 13 Oct 08:47:50 BST 2025: Set wallpaper to /home/solomon/.config/hypr/wallpapers/mercedes-w11.webp
Mon 13 Oct 08:49:50 BST 2025: Set wallpaper to /home/solomon/.config/hypr/wallpapers/astize_cc0_split1.png
Mon 13 Oct 08:51:51 BST 2025: Set wallpaper to /home/solomon/.config/hypr/wallpapers/2008-Mazda-Furai-Concept_grey.png
Mon 13 Oct 08:53:51 BST 2025: Set wallpaper to /home/solomon/.config/hypr/wallpapers/2008-Mazda-Furai-Concept-004-1440.jpg
Mon 13 Oct 09:16:42 BST 2025: Set wallpaper to /home/solomon/.config/hypr/wallpapers/2015-Porsche-918-Spyder-012-1440.jpg
Mon 13 Oct 09:18:42 BST 2025: Set wallpaper to /home/solomon/.config/hypr/wallpapers/mercedes-w11.webp
Mon 13 Oct 09:20:42 BST 2025: Set wallpaper to /home/solomon/.config/hypr/wallpapers/2011-Mercedes-Benz-C63-AMG-Coupe-Black-001-1080.jpg
Mon 13 Oct 09:22:42 BST 2025: Set wallpaper to /home/solomon/.config/hypr/wallpapers/hyprland_wallpaper.png
Mon 13 Oct 09:24:42 BST 2025: Set wallpaper to /home/solomon/.config/hypr/wallpapers/2011-Mercedes-Benz-C63-AMG-Coupe-Black-001-1080.jpg
Mon 13 Oct 09:26:42 BST 2025: Set wallpaper to /home/solomon/.config/hypr/wallpapers/2009-Mercedes-Benz-SL-65-AMG-Black-003-1080.jpg
Mon 13 Oct 09:28:42 BST 2025: Set wallpaper to /home/solomon/.config/hypr/wallpapers/2014-Mercedes-Benz-SLS-AMG-Black-Series-009-1440.jpg
Mon 13 Oct 09:30:42 BST 2025: Set wallpaper to /home/solomon/.config/hypr/wallpapers/2015-Porsche-918-Spyder-012-1440.jpg
Mon 13 Oct 09:32:42 BST 2025: Set wallpaper to /home/solomon/.config/hypr/wallpapers/mercedes-w11.webp
Mon 13 Oct 09:34:42 BST 2025: Set wallpaper to /home/solomon/.config/hypr/wallpapers/1968-Lamborghini-Miura-Jota-SVR-001-1080.jpg
Mon 13 Oct 09:36:42 BST 2025: Set wallpaper to /home/solomon/.config/hypr/wallpapers/2015-Porsche-918-Spyder-012-1440.jpg
Mon 13 Oct 09:38:42 BST 2025: Set wallpaper to /home/solomon/.config/hypr/wallpapers/2015-Porsche-918-Spyder-012-1440.jpg
Mon 13 Oct 09:40:42 BST 2025: Set wallpaper to /home/solomon/.config/hypr/wallpapers/w11_pfp.webp
Mon 13 Oct 09:42:42 BST 2025: Set wallpaper to /home/solomon/.config/hypr/wallpapers/W11_with_DRS.jpg
Mon 13 Oct 09:44:42 BST 2025: Set wallpaper to /home/solomon/.config/hypr/wallpapers/2019-Bugatti-Divo.jpg
Mon 13 Oct 09:46:42 BST 2025: Set wallpaper to /home/solomon/.config/hypr/wallpapers/hamilton_3079629.jpg
Mon 13 Oct 09:48:42 BST 2025: Set wallpaper to /home/solomon/.config/hypr/wallpapers/hyprland_wallpaper.png
Mon 13 Oct 09:50:42 BST 2025: Set wallpaper to /home/solomon/.config/hypr/wallpapers/w11_pfp.webp
Mon 13 Oct 09:52:43 BST 2025: Set wallpaper to /home/solomon/.config/hypr/wallpapers/hyprland_wallpaper.png
Mon 13 Oct 09:54:43 BST 2025: Set wallpaper to /home/solomon/.config/hypr/wallpapers/2008-Mazda-Furai-Concept-004-1440.jpg
Mon 13 Oct 09:56:43 BST 2025: Set wallpaper to /home/solomon/.config/hypr/wallpapers/w05.webp
Mon 13 Oct 09:58:43 BST 2025: Set wallpaper to /home/solomon/.config/hypr/wallpapers/astize_cc0_split1.png
Mon 13 Oct 10:00:43 BST 2025: Set wallpaper to /home/solomon/.config/hypr/wallpapers/SilverW11.jpg
Mon 13 Oct 10:02:43 BST 2025: Set wallpaper to /home/solomon/.config/hypr/wallpapers/1968-Lamborghini-Miura-Jota-SVR-001-1080.jpg
Mon 13 Oct 10:04:43 BST 2025: Set wallpaper to /home/solomon/.config/hypr/wallpapers/w11_wets.webp
Mon 13 Oct 10:06:43 BST 2025: Set wallpaper to /home/solomon/.config/hypr/wallpapers/1979-Canepa-BMW-M1-Procar_grey.png
Mon 13 Oct 10:08:43 BST 2025: Set wallpaper to /home/solomon/.config/hypr/wallpapers/2008-Mazda-Furai-Concept_grey.png
Mon 13 Oct 10:10:43 BST 2025: Set wallpaper to /home/solomon/.config/hypr/wallpapers/2008-Mazda-Furai-Concept-004-1440.jpg
Mon 13 Oct 10:12:43 BST 2025: Set wallpaper to /home/solomon/.config/hypr/wallpapers/W05.jpg
Mon 13 Oct 10:14:43 BST 2025: Set wallpaper to /home/solomon/.config/hypr/wallpapers/w05.webp
Mon 13 Oct 10:16:43 BST 2025: Set wallpaper to /home/solomon/.config/hypr/wallpapers/W11_with_DRS.jpg
Mon 13 Oct 10:18:43 BST 2025: Set wallpaper to /home/solomon/.config/hypr/wallpapers/2011-Mercedes-Benz-C63-AMG-Coupe-Black-002-1080.jpg
Mon 13 Oct 10:20:43 BST 2025: Set wallpaper to /home/solomon/.config/hypr/wallpapers/2014-Mercedes-Benz-SLS-AMG-Black-Series-009-1440.jpg
Mon 13 Oct 10:22:43 BST 2025: Set wallpaper to /home/solomon/.config/hypr/wallpapers/2008-Mazda-Furai-Concept-004-1440.jpg
Mon 13 Oct 10:24:43 BST 2025: Set wallpaper to /home/solomon/.config/hypr/wallpapers/1979-Canepa-BMW-M1-Procar_grey.png
Mon 13 Oct 10:26:43 BST 2025: Set wallpaper to /home/solomon/.config/hypr/wallpapers/2009-Mercedes-Benz-SL-65-AMG-Black-003-1080.jpg
Mon 13 Oct 10:28:43 BST 2025: Set wallpaper to /home/solomon/.config/hypr/wallpapers/2019-Bugatti-Divo.jpg
Mon 13 Oct 10:30:43 BST 2025: Set wallpaper to /home/solomon/.config/hypr/wallpapers/SilverW11.jpg
Mon 13 Oct 10:32:43 BST 2025: Set wallpaper to /home/solomon/.config/hypr/wallpapers/SilverW11.jpg
Mon 13 Oct 10:34:43 BST 2025: Set wallpaper to /home/solomon/.config/hypr/wallpapers/2019-Bugatti-Divo.jpg
Mon 13 Oct 10:36:43 BST 2025: Set wallpaper to /home/solomon/.config/hypr/wallpapers/linux-nitros-dark-ov.jpg
Mon 13 Oct 10:38:43 BST 2025: Set wallpaper to /home/solomon/.config/hypr/wallpapers/2019-Bugatti-Divo.jpg
Mon 13 Oct 11:04:04 BST 2025: Set wallpaper to /home/solomon/.config/hypr/wallpapers/W11_with_DRS.jpg
Mon 13 Oct 11:06:04 BST 2025: Set wallpaper to /home/solomon/.config/hypr/wallpapers/linux-nitros-dark-ov.jpg
Mon 13 Oct 11:08:04 BST 2025: Set wallpaper to /home/solomon/.config/hypr/wallpapers/2008-Mazda-Furai-Concept-004-1440.jpg
Mon 13 Oct 11:10:04 BST 2025: Set wallpaper to /home/solomon/.config/hypr/wallpapers/thumb-1920-1345403.jpeg
Mon 13 Oct 11:12:04 BST 2025: Set wallpaper to /home/solomon/.config/hypr/wallpapers/mercedes_amg_f1_m11_eq_performance_4k-HD.jpg
Mon 13 Oct 11:14:04 BST 2025: Set wallpaper to /home/solomon/.config/hypr/wallpapers/2011-Mercedes-Benz-C63-AMG-Coupe-Black-002-1080.jpg
Mon 13 Oct 11:16:05 BST 2025: Set wallpaper to /home/solomon/.config/hypr/wallpapers/2009-Mercedes-Benz-SL-65-AMG-Black-003-1080.jpg
Mon 13 Oct 11:18:05 BST 2025: Set wallpaper to /home/solomon/.config/hypr/wallpapers/W05.jpg
Mon 13 Oct 11:20:05 BST 2025: Set wallpaper to /home/solomon/.config/hypr/wallpapers/w11_pfp.webp
Mon 13 Oct 11:22:05 BST 2025: Set wallpaper to /home/solomon/.config/hypr/wallpapers/hyprland_wallpaper.png
Mon 13 Oct 11:24:05 BST 2025: Set wallpaper to /home/solomon/.config/hypr/wallpapers/2009-Mercedes-Benz-SL-65-AMG-Black-003-1080.jpg
Mon 13 Oct 11:26:05 BST 2025: Set wallpaper to /home/solomon/.config/hypr/wallpapers/mercedes-w11.webp
Mon 13 Oct 11:28:05 BST 2025: Set wallpaper to /home/solomon/.config/hypr/wallpapers/2008-Mazda-Furai-Concept_grey.png
Mon 13 Oct 11:30:05 BST 2025: Set wallpaper to /home/solomon/.config/hypr/wallpapers/1979-Canepa-BMW-M1-Procar_grey.png
Mon 13 Oct 11:32:05 BST 2025: Set wallpaper to /home/solomon/.config/hypr/wallpapers/1968-Lamborghini-Miura-Jota-SVR-001-1080.jpg
Mon 13 Oct 11:34:05 BST 2025: Set wallpaper to /home/solomon/.config/hypr/wallpapers/1968-Lamborghini-Miura-Jota-SVR-001-1080.jpg
Mon 13 Oct 11:36:05 BST 2025: Set wallpaper to /home/solomon/.config/hypr/wallpapers/w11_wets.webp
Mon 13 Oct 11:38:06 BST 2025: Set wallpaper to /home/solomon/.config/hypr/wallpapers/simple.png
Mon 13 Oct 11:40:06 BST 2025: Set wallpaper to /home/solomon/.config/hypr/wallpapers/W11_with_DRS.jpg
Mon 13 Oct 11:42:06 BST 2025: Set wallpaper to /home/solomon/.config/hypr/wallpapers/thumb-1920-1345403.jpeg
Mon 13 Oct 11:44:06 BST 2025: Set wallpaper to /home/solomon/.config/hypr/wallpapers/linux-nitros-dark-ov.jpg
Mon 13 Oct 11:46:06 BST 2025: Set wallpaper to /home/solomon/.config/hypr/wallpapers/mercedes-w11.webp
Mon 13 Oct 11:48:06 BST 2025: Set wallpaper to /home/solomon/.config/hypr/wallpapers/2011-Mercedes-Benz-C63-AMG-Coupe-Black-002-1080.jpg
Mon 13 Oct 11:50:06 BST 2025: Set wallpaper to /home/solomon/.config/hypr/wallpapers/2011-Mercedes-Benz-C63-AMG-Coupe-Black-001-1080.jpg
Mon 13 Oct 11:52:06 BST 2025: Set wallpaper to /home/solomon/.config/hypr/wallpapers/2011-Mercedes-Benz-C63-AMG-Coupe-Black-002-1080.jpg
Mon 13 Oct 11:54:06 BST 2025: Set wallpaper to /home/solomon/.config/hypr/wallpapers/mazda-mx5-miata-mazda-3351.jpg
Mon 13 Oct 11:56:06 BST 2025: Set wallpaper to /home/solomon/.config/hypr/wallpapers/2009-Mercedes-Benz-SL-65-AMG-Black-003-1080.jpg
Mon 13 Oct 11:58:06 BST 2025: Set wallpaper to /home/solomon/.config/hypr/wallpapers/hamilton_3079629.jpg
Mon 13 Oct 12:00:06 BST 2025: Set wallpaper to /home/solomon/.config/hypr/wallpapers/2008-Mazda-Furai-Concept_grey.png
Mon 13 Oct 12:02:06 BST 2025: Set wallpaper to /home/solomon/.config/hypr/wallpapers/w11_pfp.webp
Mon 13 Oct 12:04:06 BST 2025: Set wallpaper to /home/solomon/.config/hypr/wallpapers/mazda-mx5-miata-mazda-3351.jpg
Mon 13 Oct 12:06:06 BST 2025: Set wallpaper to /home/solomon/.config/hypr/wallpapers/thumb-1920-1345403.jpeg
Mon 13 Oct 12:34:19 BST 2025: Set wallpaper to /home/solomon/.config/hypr/wallpapers/2011-Mercedes-Benz-C63-AMG-Coupe-Black-001-1080.jpg
Mon 13 Oct 12:36:19 BST 2025: Set wallpaper to /home/solomon/.config/hypr/wallpapers/2011-Mercedes-Benz-C63-AMG-Coupe-Black-001-1080.jpg
Mon 13 Oct 12:38:19 BST 2025: Set wallpaper to /home/solomon/.config/hypr/wallpapers/thumb-1920-1345403.jpeg
Mon 13 Oct 12:40:19 BST 2025: Set wallpaper to /home/solomon/.config/hypr/wallpapers/w11_pfp.webp
Mon 13 Oct 12:42:19 BST 2025: Set wallpaper to /home/solomon/.config/hypr/wallpapers/mercedes-w11.webp
Mon 13 Oct 12:44:19 BST 2025: Set wallpaper to /home/solomon/.config/hypr/wallpapers/hamilton_3079629.jpg
Mon 13 Oct 12:46:19 BST 2025: Set wallpaper to /home/solomon/.config/hypr/wallpapers/W05.jpg
Mon 13 Oct 12:48:19 BST 2025: Set wallpaper to /home/solomon/.config/hypr/wallpapers/astize_cc0_split1.png
Mon 13 Oct 12:50:19 BST 2025: Set wallpaper to /home/solomon/.config/hypr/wallpapers/linux-nitros-dark-ov.jpg
Mon 13 Oct 12:52:20 BST 2025: Set wallpaper to /home/solomon/.config/hypr/wallpapers/2014-Mercedes-Benz-SLS-AMG-Black-Series-009-1440.jpg
Mon 13 Oct 12:54:20 BST 2025: Set wallpaper to /home/solomon/.config/hypr/wallpapers/2005-Ferrari-F430-007-1080.jpg
Mon 13 Oct 12:56:20 BST 2025: Set wallpaper to /home/solomon/.config/hypr/wallpapers/W05.jpg
Mon 13 Oct 12:58:20 BST 2025: Set wallpaper to /home/solomon/.config/hypr/wallpapers/2008-Mazda-Furai-Concept_grey.png
Mon 13 Oct 13:00:20 BST 2025: Set wallpaper to /home/solomon/.config/hypr/wallpapers/2011-Mercedes-Benz-C63-AMG-Coupe-Black-001-1080.jpg
Mon 13 Oct 13:02:20 BST 2025: Set wallpaper to /home/solomon/.config/hypr/wallpapers/2008-Mazda-Furai-Concept_grey.png
Mon 13 Oct 13:04:20 BST 2025: Set wallpaper to /home/solomon/.config/hypr/wallpapers/2008-Mazda-Furai-Concept_grey.png
Mon 13 Oct 13:06:20 BST 2025: Set wallpaper to /home/solomon/.config/hypr/wallpapers/2005-Ferrari-F430-007-1080.jpg
Mon 13 Oct 13:08:20 BST 2025: Set wallpaper to /home/solomon/.config/hypr/wallpapers/SilverW11.jpg
Mon 13 Oct 13:10:20 BST 2025: Set wallpaper to /home/solomon/.config/hypr/wallpapers/W11_with_DRS.jpg
Mon 13 Oct 13:12:20 BST 2025: Set wallpaper to /home/solomon/.config/hypr/wallpapers/1979-Canepa-BMW-M1-Procar_grey.png
Mon 13 Oct 13:14:20 BST 2025: Set wallpaper to /home/solomon/.config/hypr/wallpapers/mercedes_amg_f1_m11_eq_performance_4k-HD.jpg
Mon 13 Oct 13:16:20 BST 2025: Set wallpaper to /home/solomon/.config/hypr/wallpapers/astize_cc0_split1.png
Mon 13 Oct 13:18:20 BST 2025: Set wallpaper to /home/solomon/.config/hypr/wallpapers/2009-Mercedes-Benz-SL-65-AMG-Black-003-1080.jpg
Mon 13 Oct 13:20:20 BST 2025: Set wallpaper to /home/solomon/.config/hypr/wallpapers/hamilton_3079629.jpg
Mon 13 Oct 13:22:20 BST 2025: Set wallpaper to /home/solomon/.config/hypr/wallpapers/2008-Mazda-Furai-Concept_grey.png
Mon 13 Oct 13:24:20 BST 2025: Set wallpaper to /home/solomon/.config/hypr/wallpapers/2009-Mercedes-Benz-SL-65-AMG-Black-003-1080.jpg
Mon 13 Oct 13:26:20 BST 2025: Set wallpaper to /home/solomon/.config/hypr/wallpapers/SoloLinux4.png
Mon 13 Oct 13:28:20 BST 2025: Set wallpaper to /home/solomon/.config/hypr/wallpapers/thumb-1920-1345403.jpeg
Mon 13 Oct 13:30:20 BST 2025: Set wallpaper to /home/solomon/.config/hypr/wallpapers/w11_wets.webp
Mon 13 Oct 13:32:20 BST 2025: Set wallpaper to /home/solomon/.config/hypr/wallpapers/2011-Mercedes-Benz-C63-AMG-Coupe-Black-002-1080.jpg
Mon 13 Oct 13:34:20 BST 2025: Set wallpaper to /home/solomon/.config/hypr/wallpapers/mercedes-w11.webp
Mon 13 Oct 13:36:20 BST 2025: Set wallpaper to /home/solomon/.config/hypr/wallpapers/2009-Mercedes-Benz-SL-65-AMG-Black-003-1080.jpg
Mon 13 Oct 13:38:20 BST 2025: Set wallpaper to /home/solomon/.config/hypr/wallpapers/astize_cc0_split1.png
Mon 13 Oct 13:40:20 BST 2025: Set wallpaper to /home/solomon/.config/hypr/wallpapers/2008-Mazda-Furai-Concept-004-1440.jpg
Mon 13 Oct 13:42:20 BST 2025: Set wallpaper to /home/solomon/.config/hypr/wallpapers/2019-Bugatti-Divo.jpg
Mon 13 Oct 13:44:20 BST 2025: Set wallpaper to /home/solomon/.config/hypr/wallpapers/mazda-mx5-miata-mazda-3351.jpg
Mon 13 Oct 13:46:20 BST 2025: Set wallpaper to /home/solomon/.config/hypr/wallpapers/2005-Ferrari-F430-007-1080.jpg
Mon 13 Oct 13:48:20 BST 2025: Set wallpaper to /home/solomon/.config/hypr/wallpapers/2019-Bugatti-Divo.jpg
Mon 13 Oct 13:50:20 BST 2025: Set wallpaper to /home/solomon/.config/hypr/wallpapers/hamilton_3079629.jpg
Mon 13 Oct 13:52:20 BST 2025: Set wallpaper to /home/solomon/.config/hypr/wallpapers/2008-Mazda-Furai-Concept-004-1440.jpg
Mon 13 Oct 13:54:20 BST 2025: Set wallpaper to /home/solomon/.config/hypr/wallpapers/2011-Mercedes-Benz-C63-AMG-Coupe-Black-002-1080.jpg
Mon 13 Oct 13:56:20 BST 2025: Set wallpaper to /home/solomon/.config/hypr/wallpapers/hamilton_3079629.jpg
Mon 13 Oct 13:58:20 BST 2025: Set wallpaper to /home/solomon/.config/hypr/wallpapers/w05.webp
Mon 13 Oct 14:00:20 BST 2025: Set wallpaper to /home/solomon/.config/hypr/wallpapers/1979-Canepa-BMW-M1-Procar_grey.png
Mon 13 Oct 14:02:20 BST 2025: Set wallpaper to /home/solomon/.config/hypr/wallpapers/2009-Mercedes-Benz-SL-65-AMG-Black-003-1080.jpg
Mon 13 Oct 14:04:20 BST 2025: Set wallpaper to /home/solomon/.config/hypr/wallpapers/2008-Mazda-Furai-Concept_grey.png
Mon 13 Oct 14:06:20 BST 2025: Set wallpaper to /home/solomon/.config/hypr/wallpapers/2011-Mercedes-Benz-C63-AMG-Coupe-Black-001-1080.jpg
Mon 13 Oct 14:08:20 BST 2025: Set wallpaper to /home/solomon/.config/hypr/wallpapers/w11_wets.webp
Mon 13 Oct 14:10:20 BST 2025: Set wallpaper to /home/solomon/.config/hypr/wallpapers/hamilton_3079629.jpg
Mon 13 Oct 14:12:20 BST 2025: Set wallpaper to /home/solomon/.config/hypr/wallpapers/2011-Mercedes-Benz-C63-AMG-Coupe-Black-001-1080.jpg
Mon 13 Oct 14:14:20 BST 2025: Set wallpaper to /home/solomon/.config/hypr/wallpapers/linux-nitros-dark-ov.jpg
Mon 13 Oct 14:16:20 BST 2025: Set wallpaper to /home/solomon/.config/hypr/wallpapers/1968-Lamborghini-Miura-Jota-SVR-001-1080.jpg
Mon 13 Oct 14:18:20 BST 2025: Set wallpaper to /home/solomon/.config/hypr/wallpapers/1979-Canepa-BMW-M1-Procar_grey.png
Mon 13 Oct 14:20:20 BST 2025: Set wallpaper to /home/solomon/.config/hypr/wallpapers/hyprland_wallpaper.png
Mon 13 Oct 14:22:20 BST 2025: Set wallpaper to /home/solomon/.config/hypr/wallpapers/2014-Mercedes-Benz-SLS-AMG-Black-Series-009-1440.jpg
Mon 13 Oct 14:24:21 BST 2025: Set wallpaper to /home/solomon/.config/hypr/wallpapers/W05.jpg
Mon 13 Oct 14:26:21 BST 2025: Set wallpaper to /home/solomon/.config/hypr/wallpapers/2008-Mazda-Furai-Concept-004-1440.jpg
Mon 13 Oct 14:28:21 BST 2025: Set wallpaper to /home/solomon/.config/hypr/wallpapers/w05.webp
Mon 13 Oct 14:30:21 BST 2025: Set wallpaper to /home/solomon/.config/hypr/wallpapers/astize_cc0_split1.png
Mon 13 Oct 14:32:21 BST 2025: Set wallpaper to /home/solomon/.config/hypr/wallpapers/mercedes-w11.webp
Mon 13 Oct 14:34:21 BST 2025: Set wallpaper to /home/solomon/.config/hypr/wallpapers/hamilton_3079629.jpg
Mon 13 Oct 14:36:21 BST 2025: Set wallpaper to /home/solomon/.config/hypr/wallpapers/hyprland_wallpaper.png
Mon 13 Oct 14:38:21 BST 2025: Set wallpaper to /home/solomon/.config/hypr/wallpapers/mercedes-w11.webp
Mon 13 Oct 14:40:21 BST 2025: Set wallpaper to /home/solomon/.config/hypr/wallpapers/2011-Mercedes-Benz-C63-AMG-Coupe-Black-002-1080.jpg
Mon 13 Oct 14:42:21 BST 2025: Set wallpaper to /home/solomon/.config/hypr/wallpapers/hyprland_wallpaper.png
Mon 13 Oct 14:44:21 BST 2025: Set wallpaper to /home/solomon/.config/hypr/wallpapers/2008-Mazda-Furai-Concept-004-1440.jpg
Mon 13 Oct 14:46:21 BST 2025: Set wallpaper to /home/solomon/.config/hypr/wallpapers/2008-Mazda-Furai-Concept-004-1440.jpg
Mon 13 Oct 14:48:21 BST 2025: Set wallpaper to /home/solomon/.config/hypr/wallpapers/hyprland_wallpaper.png
Mon 13 Oct 14:50:21 BST 2025: Set wallpaper to /home/solomon/.config/hypr/wallpapers/linux-nitros-dark-ov.jpg
Mon 13 Oct 14:52:21 BST 2025: Set wallpaper to /home/solomon/.config/hypr/wallpapers/mercedes-w11.webp
Mon 13 Oct 14:54:21 BST 2025: Set wallpaper to /home/solomon/.config/hypr/wallpapers/W11_with_DRS.jpg
Mon 13 Oct 14:56:21 BST 2025: Set wallpaper to /home/solomon/.config/hypr/wallpapers/2008-Mazda-Furai-Concept_grey.png
Mon 13 Oct 14:58:21 BST 2025: Set wallpaper to /home/solomon/.config/hypr/wallpapers/SilverW11.jpg
Mon 13 Oct 15:00:21 BST 2025: Set wallpaper to /home/solomon/.config/hypr/wallpapers/SilverW11.jpg
Mon 13 Oct 15:02:21 BST 2025: Set wallpaper to /home/solomon/.config/hypr/wallpapers/2011-Mercedes-Benz-C63-AMG-Coupe-Black-002-1080.jpg
Mon 13 Oct 15:04:21 BST 2025: Set wallpaper to /home/solomon/.config/hypr/wallpapers/w11_wets.webp
Mon 13 Oct 15:06:21 BST 2025: Set wallpaper to /home/solomon/.config/hypr/wallpapers/astize_cc0_split1.png
Mon 13 Oct 15:08:21 BST 2025: Set wallpaper to /home/solomon/.config/hypr/wallpapers/mazda-mx5-miata-mazda-3351.jpg
Mon 13 Oct 15:10:21 BST 2025: Set wallpaper to /home/solomon/.config/hypr/wallpapers/2008-Mazda-Furai-Concept_grey.png
Mon 13 Oct 15:12:21 BST 2025: Set wallpaper to /home/solomon/.config/hypr/wallpapers/thumb-1920-1345403.jpeg
Mon 13 Oct 15:14:21 BST 2025: Set wallpaper to /home/solomon/.config/hypr/wallpapers/simple.png
Mon 13 Oct 15:16:21 BST 2025: Set wallpaper to /home/solomon/.config/hypr/wallpapers/2019-Bugatti-Divo.jpg
Mon 13 Oct 15:18:21 BST 2025: Set wallpaper to /home/solomon/.config/hypr/wallpapers/2011-Mercedes-Benz-C63-AMG-Coupe-Black-002-1080.jpg
Mon 13 Oct 15:20:21 BST 2025: Set wallpaper to /home/solomon/.config/hypr/wallpapers/simple.png
Mon 13 Oct 15:22:21 BST 2025: Set wallpaper to /home/solomon/.config/hypr/wallpapers/2009-Mercedes-Benz-SL-65-AMG-Black-003-1080.jpg
Mon 13 Oct 15:24:21 BST 2025: Set wallpaper to /home/solomon/.config/hypr/wallpapers/1968-Lamborghini-Miura-Jota-SVR-001-1080.jpg
Mon 13 Oct 15:26:21 BST 2025: Set wallpaper to /home/solomon/.config/hypr/wallpapers/W11_with_DRS.jpg
Mon 13 Oct 15:28:21 BST 2025: Set wallpaper to /home/solomon/.config/hypr/wallpapers/2009-Mercedes-Benz-SL-65-AMG-Black-003-1080.jpg
Mon 13 Oct 15:30:21 BST 2025: Set wallpaper to /home/solomon/.config/hypr/wallpapers/2005-Ferrari-F430-007-1080.jpg
Mon 13 Oct 15:32:21 BST 2025: Set wallpaper to /home/solomon/.config/hypr/wallpapers/thumb-1920-1345403.jpeg
Mon 13 Oct 15:34:21 BST 2025: Set wallpaper to /home/solomon/.config/hypr/wallpapers/2005-Ferrari-F430-007-1080.jpg
Mon 13 Oct 15:36:21 BST 2025: Set wallpaper to /home/solomon/.config/hypr/wallpapers/2008-Mazda-Furai-Concept_grey.png
Mon 13 Oct 15:38:21 BST 2025: Set wallpaper to /home/solomon/.config/hypr/wallpapers/2008-Mazda-Furai-Concept_grey.png
Mon 13 Oct 15:40:21 BST 2025: Set wallpaper to /home/solomon/.config/hypr/wallpapers/hyprland_wallpaper.png
Mon 13 Oct 15:42:21 BST 2025: Set wallpaper to /home/solomon/.config/hypr/wallpapers/W05.jpg
Mon 13 Oct 17:20:59 BST 2025: Set wallpaper to /home/solomon/.config/hypr/wallpapers/astize_cc0_split1.png
Mon 13 Oct 17:22:59 BST 2025: Set wallpaper to /home/solomon/.config/hypr/wallpapers/thumb-1920-1345403.jpeg
Mon 13 Oct 17:24:59 BST 2025: Set wallpaper to /home/solomon/.config/hypr/wallpapers/2015-Porsche-918-Spyder-012-1440.jpg
Mon 13 Oct 17:26:59 BST 2025: Set wallpaper to /home/solomon/.config/hypr/wallpapers/2009-Mercedes-Benz-SL-65-AMG-Black-003-1080.jpg
Mon 13 Oct 17:28:59 BST 2025: Set wallpaper to /home/solomon/.config/hypr/wallpapers/2011-Mercedes-Benz-C63-AMG-Coupe-Black-001-1080.jpg
Mon 13 Oct 17:30:59 BST 2025: Set wallpaper to /home/solomon/.config/hypr/wallpapers/w11_wets.webp
Mon 13 Oct 17:32:59 BST 2025: Set wallpaper to /home/solomon/.config/hypr/wallpapers/2011-Mercedes-Benz-C63-AMG-Coupe-Black-002-1080.jpg
Mon 13 Oct 17:34:59 BST 2025: Set wallpaper to /home/solomon/.config/hypr/wallpapers/W11_with_DRS.jpg
Mon 13 Oct 17:36:59 BST 2025: Set wallpaper to /home/solomon/.config/hypr/wallpapers/1979-Canepa-BMW-M1-Procar_grey.png
Mon 13 Oct 17:38:59 BST 2025: Set wallpaper to /home/solomon/.config/hypr/wallpapers/2008-Mazda-Furai-Concept-004-1440.jpg
Mon 13 Oct 17:40:59 BST 2025: Set wallpaper to /home/solomon/.config/hypr/wallpapers/linux-nitros-dark-ov.jpg
Mon 13 Oct 17:42:59 BST 2025: Set wallpaper to /home/solomon/.config/hypr/wallpapers/thumb-1920-1345403.jpeg
Mon 13 Oct 17:44:59 BST 2025: Set wallpaper to /home/solomon/.config/hypr/wallpapers/hamilton_3079629.jpg
Mon 13 Oct 17:46:59 BST 2025: Set wallpaper to /home/solomon/.config/hypr/wallpapers/2011-Mercedes-Benz-C63-AMG-Coupe-Black-001-1080.jpg
Mon 13 Oct 17:48:59 BST 2025: Set wallpaper to /home/solomon/.config/hypr/wallpapers/W11_with_DRS.jpg
Mon 13 Oct 17:50:59 BST 2025: Set wallpaper to /home/solomon/.config/hypr/wallpapers/2011-Mercedes-Benz-C63-AMG-Coupe-Black-002-1080.jpg
Mon 13 Oct 17:52:59 BST 2025: Set wallpaper to /home/solomon/.config/hypr/wallpapers/W11_with_DRS.jpg
Mon 13 Oct 17:54:59 BST 2025: Set wallpaper to /home/solomon/.config/hypr/wallpapers/2008-Mazda-Furai-Concept-004-1440.jpg
Mon 13 Oct 17:56:59 BST 2025: Set wallpaper to /home/solomon/.config/hypr/wallpapers/2011-Mercedes-Benz-C63-AMG-Coupe-Black-002-1080.jpg
Mon 13 Oct 17:58:59 BST 2025: Set wallpaper to /home/solomon/.config/hypr/wallpapers/2015-Porsche-918-Spyder-012-1440.jpg
Mon 13 Oct 18:00:59 BST 2025: Set wallpaper to /home/solomon/.config/hypr/wallpapers/mercedes-w11.webp
Mon 13 Oct 18:02:59 BST 2025: Set wallpaper to /home/solomon/.config/hypr/wallpapers/W11_with_DRS.jpg
Mon 13 Oct 18:04:59 BST 2025: Set wallpaper to /home/solomon/.config/hypr/wallpapers/mazda-mx5-miata-mazda-3351.jpg
Mon 13 Oct 18:06:59 BST 2025: Set wallpaper to /home/solomon/.config/hypr/wallpapers/W11_with_DRS.jpg
Mon 13 Oct 18:08:59 BST 2025: Set wallpaper to /home/solomon/.config/hypr/wallpapers/1979-Canepa-BMW-M1-Procar_grey.png
Mon 13 Oct 18:10:59 BST 2025: Set wallpaper to /home/solomon/.config/hypr/wallpapers/2019-Bugatti-Divo.jpg
Mon 13 Oct 18:12:59 BST 2025: Set wallpaper to /home/solomon/.config/hypr/wallpapers/thumb-1920-1345403.jpeg
Mon 13 Oct 18:14:59 BST 2025: Set wallpaper to /home/solomon/.config/hypr/wallpapers/2008-Mazda-Furai-Concept_grey.png
Mon 13 Oct 18:16:59 BST 2025: Set wallpaper to /home/solomon/.config/hypr/wallpapers/SoloLinux4.png
Mon 13 Oct 18:18:59 BST 2025: Set wallpaper to /home/solomon/.config/hypr/wallpapers/2011-Mercedes-Benz-C63-AMG-Coupe-Black-001-1080.jpg
Mon 13 Oct 18:20:59 BST 2025: Set wallpaper to /home/solomon/.config/hypr/wallpapers/2008-Mazda-Furai-Concept-004-1440.jpg
Mon 13 Oct 18:22:59 BST 2025: Set wallpaper to /home/solomon/.config/hypr/wallpapers/astize_cc0_split1.png
Mon 13 Oct 18:24:59 BST 2025: Set wallpaper to /home/solomon/.config/hypr/wallpapers/SoloLinux4.png
Mon 13 Oct 18:27:00 BST 2025: Set wallpaper to /home/solomon/.config/hypr/wallpapers/simple.png
Mon 13 Oct 18:29:00 BST 2025: Set wallpaper to /home/solomon/.config/hypr/wallpapers/w05.webp
Mon 13 Oct 18:31:00 BST 2025: Set wallpaper to /home/solomon/.config/hypr/wallpapers/W05.jpg
Mon 13 Oct 18:33:00 BST 2025: Set wallpaper to /home/solomon/.config/hypr/wallpapers/2014-Mercedes-Benz-SLS-AMG-Black-Series-009-1440.jpg
Mon 13 Oct 18:35:00 BST 2025: Set wallpaper to /home/solomon/.config/hypr/wallpapers/2011-Mercedes-Benz-C63-AMG-Coupe-Black-002-1080.jpg
Mon 13 Oct 18:37:00 BST 2025: Set wallpaper to /home/solomon/.config/hypr/wallpapers/1979-Canepa-BMW-M1-Procar_grey.png
Mon 13 Oct 18:39:00 BST 2025: Set wallpaper to /home/solomon/.config/hypr/wallpapers/hamilton_3079629.jpg
Mon 13 Oct 18:41:00 BST 2025: Set wallpaper to /home/solomon/.config/hypr/wallpapers/mercedes-w11.webp
Mon 13 Oct 18:43:00 BST 2025: Set wallpaper to /home/solomon/.config/hypr/wallpapers/2019-Bugatti-Divo.jpg
Mon 13 Oct 18:45:00 BST 2025: Set wallpaper to /home/solomon/.config/hypr/wallpapers/2008-Mazda-Furai-Concept_grey.png
Mon 13 Oct 18:47:00 BST 2025: Set wallpaper to /home/solomon/.config/hypr/wallpapers/2011-Mercedes-Benz-C63-AMG-Coupe-Black-002-1080.jpg
Mon 13 Oct 18:49:00 BST 2025: Set wallpaper to /home/solomon/.config/hypr/wallpapers/thumb-1920-1345403.jpeg
Mon 13 Oct 18:51:00 BST 2025: Set wallpaper to /home/solomon/.config/hypr/wallpapers/2011-Mercedes-Benz-C63-AMG-Coupe-Black-001-1080.jpg
Mon 13 Oct 18:53:00 BST 2025: Set wallpaper to /home/solomon/.config/hypr/wallpapers/2014-Mercedes-Benz-SLS-AMG-Black-Series-009-1440.jpg
Mon 13 Oct 18:55:00 BST 2025: Set wallpaper to /home/solomon/.config/hypr/wallpapers/w11_wets.webp
Mon 13 Oct 18:57:00 BST 2025: Set wallpaper to /home/solomon/.config/hypr/wallpapers/W05.jpg
Mon 13 Oct 18:59:00 BST 2025: Set wallpaper to /home/solomon/.config/hypr/wallpapers/2014-Mercedes-Benz-SLS-AMG-Black-Series-009-1440.jpg
Mon 13 Oct 19:01:00 BST 2025: Set wallpaper to /home/solomon/.config/hypr/wallpapers/1968-Lamborghini-Miura-Jota-SVR-001-1080.jpg
Tue 14 Oct 09:23:24 BST 2025: Set wallpaper to /home/solomon/.config/hypr/wallpapers/2005-Ferrari-F430-007-1080.jpg
Tue 14 Oct 09:26:27 BST 2025: Set wallpaper to /home/solomon/.config/hypr/wallpapers/1968-Lamborghini-Miura-Jota-SVR-001-1080.jpg
Tue 14 Oct 09:28:27 BST 2025: Set wallpaper to /home/solomon/.config/hypr/wallpapers/W11_with_DRS.jpg
Tue 14 Oct 09:30:28 BST 2025: Set wallpaper to /home/solomon/.config/hypr/wallpapers/2015-Porsche-918-Spyder-012-1440.jpg
Tue 14 Oct 09:32:28 BST 2025: Set wallpaper to /home/solomon/.config/hypr/wallpapers/W05.jpg
Tue 14 Oct 09:34:28 BST 2025: Set wallpaper to /home/solomon/.config/hypr/wallpapers/2009-Mercedes-Benz-SL-65-AMG-Black-003-1080.jpg
Tue 14 Oct 09:36:28 BST 2025: Set wallpaper to /home/solomon/.config/hypr/wallpapers/2014-Mercedes-Benz-SLS-AMG-Black-Series-009-1440.jpg
Tue 14 Oct 09:38:28 BST 2025: Set wallpaper to /home/solomon/.config/hypr/wallpapers/2011-Mercedes-Benz-C63-AMG-Coupe-Black-002-1080.jpg
Tue 14 Oct 09:40:28 BST 2025: Set wallpaper to /home/solomon/.config/hypr/wallpapers/1979-Canepa-BMW-M1-Procar_grey.png
